{"/home/travis/build/npmtest/node-npmtest-gm/test.js":{"path":"/home/travis/build/npmtest/node-npmtest-gm/test.js","s":{"1":2,"2":2,"3":2,"4":2,"5":2,"6":2,"7":2,"8":1,"9":2,"10":2,"11":1,"12":1,"13":1,"14":1,"15":2,"16":2,"17":2,"18":2,"19":1,"20":1,"21":2,"22":2,"23":2,"24":1,"25":1,"26":1,"27":1,"28":1,"29":1,"30":1,"31":1,"32":1,"33":1,"34":1,"35":1,"36":2,"37":2,"38":1,"39":2,"40":2,"41":1,"42":2,"43":2,"44":1,"45":1,"46":1,"47":1,"48":1},"b":{"1":[2,1,1,1],"2":[1,1,1,1],"3":[1,1],"4":[1,1],"5":[1,1],"6":[1,1],"7":[1,1],"8":[1,1],"9":[1,1,1],"10":[1,1],"11":[1,1],"12":[1,1],"13":[1,1],"14":[1,1],"15":[1,1]},"f":{"1":2,"2":2,"3":2,"4":2,"5":2,"6":1,"7":1,"8":2,"9":2,"10":2,"11":1},"fnMap":{"1":{"name":"(anonymous_1)","line":12,"loc":{"start":{"line":12,"column":1},"end":{"line":12,"column":13}}},"2":{"name":"(anonymous_2)","line":19,"loc":{"start":{"line":19,"column":5},"end":{"line":19,"column":17}}},"3":{"name":"(anonymous_3)","line":23,"loc":{"start":{"line":23,"column":24},"end":{"line":23,"column":36}}},"4":{"name":"(anonymous_4)","line":61,"loc":{"start":{"line":61,"column":5},"end":{"line":61,"column":17}}},"5":{"name":"(anonymous_5)","line":82,"loc":{"start":{"line":82,"column":5},"end":{"line":82,"column":17}}},"6":{"name":"(anonymous_6)","line":102,"loc":{"start":{"line":102,"column":83},"end":{"line":105,"column":10}},"skip":true},"7":{"name":"(anonymous_7)","line":113,"loc":{"start":{"line":113,"column":77},"end":{"line":116,"column":10}},"skip":true},"8":{"name":"(anonymous_8)","line":127,"loc":{"start":{"line":127,"column":77},"end":{"line":130,"column":10}},"skip":true},"9":{"name":"(anonymous_9)","line":138,"loc":{"start":{"line":138,"column":83},"end":{"line":141,"column":10}},"skip":true},"10":{"name":"(anonymous_10)","line":149,"loc":{"start":{"line":149,"column":79},"end":{"line":152,"column":10}},"skip":true},"11":{"name":"(anonymous_11)","line":160,"loc":{"start":{"line":160,"column":75},"end":{"line":163,"column":10}},"skip":true}},"statementMap":{"1":{"start":{"line":12,"column":0},"end":{"line":175,"column":5}},"2":{"start":{"line":14,"column":4},"end":{"line":14,"column":14}},"3":{"start":{"line":19,"column":4},"end":{"line":56,"column":9}},"4":{"start":{"line":21,"column":8},"end":{"line":21,"column":19}},"5":{"start":{"line":23,"column":8},"end":{"line":35,"column":13}},"6":{"start":{"line":24,"column":12},"end":{"line":34,"column":13}},"7":{"start":{"line":25,"column":16},"end":{"line":28,"column":30}},"8":{"start":{"line":30,"column":16},"end":{"line":33,"column":27}},"9":{"start":{"line":37,"column":8},"end":{"line":39,"column":21}},"10":{"start":{"line":40,"column":8},"end":{"line":53,"column":9}},"11":{"start":{"line":43,"column":12},"end":{"line":46,"column":14}},"12":{"start":{"line":47,"column":12},"end":{"line":47,"column":18}},"13":{"start":{"line":50,"column":12},"end":{"line":51,"column":46}},"14":{"start":{"line":52,"column":12},"end":{"line":52,"column":18}},"15":{"start":{"line":55,"column":8},"end":{"line":55,"column":35}},"16":{"start":{"line":61,"column":4},"end":{"line":63,"column":9}},"17":{"start":{"line":62,"column":8},"end":{"line":62,"column":15}},"18":{"start":{"line":64,"column":4},"end":{"line":77,"column":5}},"19":{"start":{"line":70,"column":8},"end":{"line":70,"column":14}},"20":{"start":{"line":76,"column":8},"end":{"line":76,"column":14}},"21":{"start":{"line":82,"column":4},"end":{"line":84,"column":9}},"22":{"start":{"line":83,"column":8},"end":{"line":83,"column":15}},"23":{"start":{"line":85,"column":4},"end":{"line":174,"column":5}},"24":{"start":{"line":92,"column":8},"end":{"line":94,"column":63}},"25":{"start":{"line":95,"column":8},"end":{"line":95,"column":14}},"26":{"start":{"line":102,"column":8},"end":{"line":111,"column":10},"skip":true},"27":{"start":{"line":109,"column":12},"end":{"line":109,"column":55},"skip":true},"28":{"start":{"line":110,"column":12},"end":{"line":110,"column":48},"skip":true},"29":{"start":{"line":113,"column":8},"end":{"line":125,"column":10},"skip":true},"30":{"start":{"line":120,"column":12},"end":{"line":120,"column":76},"skip":true},"31":{"start":{"line":121,"column":12},"end":{"line":121,"column":73},"skip":true},"32":{"start":{"line":122,"column":12},"end":{"line":122,"column":74},"skip":true},"33":{"start":{"line":123,"column":12},"end":{"line":123,"column":25},"skip":true},"34":{"start":{"line":124,"column":12},"end":{"line":124,"column":45},"skip":true},"35":{"start":{"line":127,"column":8},"end":{"line":136,"column":10},"skip":true},"36":{"start":{"line":134,"column":12},"end":{"line":134,"column":25},"skip":true},"37":{"start":{"line":135,"column":12},"end":{"line":135,"column":45},"skip":true},"38":{"start":{"line":138,"column":8},"end":{"line":147,"column":10},"skip":true},"39":{"start":{"line":145,"column":12},"end":{"line":145,"column":25},"skip":true},"40":{"start":{"line":146,"column":12},"end":{"line":146,"column":48},"skip":true},"41":{"start":{"line":149,"column":8},"end":{"line":158,"column":10},"skip":true},"42":{"start":{"line":156,"column":12},"end":{"line":156,"column":25},"skip":true},"43":{"start":{"line":157,"column":12},"end":{"line":157,"column":46},"skip":true},"44":{"start":{"line":160,"column":8},"end":{"line":169,"column":10},"skip":true},"45":{"start":{"line":167,"column":12},"end":{"line":167,"column":94},"skip":true},"46":{"start":{"line":168,"column":12},"end":{"line":168,"column":48},"skip":true},"47":{"start":{"line":172,"column":8},"end":{"line":172,"column":35},"skip":true},"48":{"start":{"line":173,"column":8},"end":{"line":173,"column":14},"skip":true}},"branchMap":{"1":{"line":25,"type":"binary-expr","locations":[{"start":{"line":25,"column":23},"end":{"line":25,"column":62}},{"start":{"line":26,"column":20},"end":{"line":26,"column":70}},{"start":{"line":27,"column":20},"end":{"line":27,"column":71}},{"start":{"line":28,"column":20},"end":{"line":28,"column":29}}]},"2":{"line":30,"type":"binary-expr","locations":[{"start":{"line":30,"column":23},"end":{"line":30,"column":37}},{"start":{"line":31,"column":20},"end":{"line":31,"column":61}},{"start":{"line":32,"column":20},"end":{"line":32,"column":70}},{"start":{"line":33,"column":20},"end":{"line":33,"column":26}}]},"3":{"line":37,"type":"cond-expr","locations":[{"start":{"line":38,"column":14},"end":{"line":38,"column":20}},{"start":{"line":39,"column":14},"end":{"line":39,"column":20}}]},"4":{"line":40,"type":"switch","locations":[{"start":{"line":42,"column":8},"end":{"line":47,"column":18}},{"start":{"line":49,"column":8},"end":{"line":52,"column":18}}]},"5":{"line":44,"type":"binary-expr","locations":[{"start":{"line":44,"column":16},"end":{"line":44,"column":44}},{"start":{"line":44,"column":48},"end":{"line":44,"column":66}}]},"6":{"line":50,"type":"binary-expr","locations":[{"start":{"line":50,"column":21},"end":{"line":50,"column":49}},{"start":{"line":50,"column":53},"end":{"line":50,"column":72}}]},"7":{"line":64,"type":"switch","locations":[{"start":{"line":69,"column":4},"end":{"line":70,"column":14}},{"start":{"line":75,"column":4},"end":{"line":76,"column":14}}]},"8":{"line":85,"type":"switch","locations":[{"start":{"line":90,"column":4},"end":{"line":95,"column":14}},{"start":{"line":101,"column":4},"end":{"line":173,"column":14},"skip":true}]},"9":{"line":92,"type":"binary-expr","locations":[{"start":{"line":92,"column":18},"end":{"line":92,"column":32}},{"start":{"line":93,"column":12},"end":{"line":93,"column":53}},{"start":{"line":94,"column":12},"end":{"line":94,"column":61}}]},"10":{"line":102,"type":"binary-expr","locations":[{"start":{"line":102,"column":45},"end":{"line":102,"column":79},"skip":true},{"start":{"line":102,"column":83},"end":{"line":111,"column":9},"skip":true}]},"11":{"line":113,"type":"binary-expr","locations":[{"start":{"line":113,"column":42},"end":{"line":113,"column":73},"skip":true},{"start":{"line":113,"column":77},"end":{"line":125,"column":9},"skip":true}]},"12":{"line":127,"type":"binary-expr","locations":[{"start":{"line":127,"column":42},"end":{"line":127,"column":73},"skip":true},{"start":{"line":127,"column":77},"end":{"line":136,"column":9},"skip":true}]},"13":{"line":138,"type":"binary-expr","locations":[{"start":{"line":138,"column":45},"end":{"line":138,"column":79},"skip":true},{"start":{"line":138,"column":83},"end":{"line":147,"column":9},"skip":true}]},"14":{"line":149,"type":"binary-expr","locations":[{"start":{"line":149,"column":43},"end":{"line":149,"column":75},"skip":true},{"start":{"line":149,"column":79},"end":{"line":158,"column":9},"skip":true}]},"15":{"line":160,"type":"binary-expr","locations":[{"start":{"line":160,"column":41},"end":{"line":160,"column":71},"skip":true},{"start":{"line":160,"column":75},"end":{"line":169,"column":9},"skip":true}]}},"code":["/* istanbul instrument in package npmtest_gm */","/*jslint","    bitwise: true,","    browser: true,","    maxerr: 8,","    maxlen: 96,","    node: true,","    nomen: true,","    regexp: true,","    stupid: true","*/","(function () {","    'use strict';","    var local;","","","","    // run shared js-env code - pre-init","    (function () {","        // init local","        local = {};","        // init modeJs","        local.modeJs = (function () {","            try {","                return typeof navigator.userAgent === 'string' &&","                    typeof document.querySelector('body') === 'object' &&","                    typeof XMLHttpRequest.prototype.open === 'function' &&","                    'browser';","            } catch (errorCaughtBrowser) {","                return module.exports &&","                    typeof process.versions.node === 'string' &&","                    typeof require('http').createServer === 'function' &&","                    'node';","            }","        }());","        // init global","        local.global = local.modeJs === 'browser'","            ? window","            : global;","        switch (local.modeJs) {","        // re-init local from window.local","        case 'browser':","            local = local.global.utility2.objectSetDefault(","                local.global.utility2_rollup || local.global.local,","                local.global.utility2","            );","            break;","        // re-init local from example.js","        case 'node':","            local = (local.global.utility2_rollup || require('utility2'))","                .requireExampleJsFromReadme();","            break;","        }","        // export local","        local.global.local = local;","    }());","","","","    // run shared js-env code - function","    (function () {","        return;","    }());","    switch (local.modeJs) {","","","","    // run browser js-env code - function","    case 'browser':","        break;","","","","    // run node js-env code - function","    case 'node':","        break;","    }","","","","    // run shared js-env code - post-init","    (function () {","        return;","    }());","    switch (local.modeJs) {","","","","    // run browser js-env code - post-init","    case 'browser':","        // run tests","        local.nop(local.modeTest &&","            document.querySelector('#testRunButton1') &&","            document.querySelector('#testRunButton1').click());","        break;","","","","    // run node js-env code - post-init","    /* istanbul ignore next */","    case 'node':","        local.testCase_buildApidoc_default = local.testCase_buildApidoc_default || function (","            options,","            onError","        ) {","        /*","         * this function will test buildApidoc's default handling-behavior-behavior","         */","            options = { modulePathList: module.paths };","            local.buildApidoc(options, onError);","        };","","        local.testCase_buildApp_default = local.testCase_buildApp_default || function (","            options,","            onError","        ) {","        /*","         * this function will test buildApp's default handling-behavior-behavior","         */","            local.testCase_buildReadme_default(options, local.onErrorThrow);","            local.testCase_buildLib_default(options, local.onErrorThrow);","            local.testCase_buildTest_default(options, local.onErrorThrow);","            options = [];","            local.buildApp(options, onError);","        };","","        local.testCase_buildLib_default = local.testCase_buildLib_default || function (","            options,","            onError","        ) {","        /*","         * this function will test buildLib's default handling-behavior","         */","            options = {};","            local.buildLib(options, onError);","        };","","        local.testCase_buildReadme_default = local.testCase_buildReadme_default || function (","            options,","            onError","        ) {","        /*","         * this function will test buildReadme's default handling-behavior-behavior","         */","            options = {};","            local.buildReadme(options, onError);","        };","","        local.testCase_buildTest_default = local.testCase_buildTest_default || function (","            options,","            onError","        ) {","        /*","         * this function will test buildTest's default handling-behavior","         */","            options = {};","            local.buildTest(options, onError);","        };","","        local.testCase_webpage_default = local.testCase_webpage_default || function (","            options,","            onError","        ) {","        /*","         * this function will test webpage's default handling-behavior","         */","            options = { modeCoverageMerge: true, url: local.serverLocalHost + '?modeTest=1' };","            local.browserTest(options, onError);","        };","","        // run test-server","        local.testRunServer(local);","        break;","    }","}());",""],"l":{"12":2,"14":2,"19":2,"21":2,"23":2,"24":2,"25":2,"30":1,"37":2,"40":2,"43":1,"47":1,"50":1,"52":1,"55":2,"61":2,"62":2,"64":2,"70":1,"76":1,"82":2,"83":2,"85":2,"92":1,"95":1,"102":1,"109":1,"110":1,"113":1,"120":1,"121":1,"122":1,"123":1,"124":1,"127":1,"134":2,"135":2,"138":1,"145":2,"146":2,"149":1,"156":2,"157":2,"160":1,"167":1,"168":1,"172":1,"173":1}},"/home/travis/build/npmtest/node-npmtest-gm/lib.npmtest_gm.js":{"path":"/home/travis/build/npmtest/node-npmtest-gm/lib.npmtest_gm.js","s":{"1":2,"2":2,"3":2,"4":2,"5":2,"6":2,"7":2,"8":1,"9":2,"10":2,"11":2,"12":2,"13":1,"14":1,"15":1,"16":1},"b":{"1":[2,1,1,1],"2":[1,1,1,1],"3":[1,1],"4":[2,2],"5":[1,1]},"f":{"1":2,"2":2,"3":2},"fnMap":{"1":{"name":"(anonymous_1)","line":12,"loc":{"start":{"line":12,"column":1},"end":{"line":12,"column":13}}},"2":{"name":"(anonymous_2)","line":19,"loc":{"start":{"line":19,"column":5},"end":{"line":19,"column":17}}},"3":{"name":"(anonymous_3)","line":23,"loc":{"start":{"line":23,"column":24},"end":{"line":23,"column":36}}}},"statementMap":{"1":{"start":{"line":12,"column":0},"end":{"line":53,"column":5}},"2":{"start":{"line":14,"column":4},"end":{"line":14,"column":14}},"3":{"start":{"line":19,"column":4},"end":{"line":52,"column":9}},"4":{"start":{"line":21,"column":8},"end":{"line":21,"column":19}},"5":{"start":{"line":23,"column":8},"end":{"line":35,"column":13}},"6":{"start":{"line":24,"column":12},"end":{"line":34,"column":13}},"7":{"start":{"line":25,"column":16},"end":{"line":28,"column":30}},"8":{"start":{"line":30,"column":16},"end":{"line":33,"column":27}},"9":{"start":{"line":37,"column":8},"end":{"line":39,"column":21}},"10":{"start":{"line":41,"column":8},"end":{"line":41,"column":54}},"11":{"start":{"line":43,"column":8},"end":{"line":43,"column":47}},"12":{"start":{"line":45,"column":8},"end":{"line":51,"column":9}},"13":{"start":{"line":46,"column":12},"end":{"line":46,"column":53}},"14":{"start":{"line":48,"column":12},"end":{"line":48,"column":35}},"15":{"start":{"line":49,"column":12},"end":{"line":49,"column":49}},"16":{"start":{"line":50,"column":12},"end":{"line":50,"column":43}}},"branchMap":{"1":{"line":25,"type":"binary-expr","locations":[{"start":{"line":25,"column":23},"end":{"line":25,"column":62}},{"start":{"line":26,"column":20},"end":{"line":26,"column":70}},{"start":{"line":27,"column":20},"end":{"line":27,"column":71}},{"start":{"line":28,"column":20},"end":{"line":28,"column":29}}]},"2":{"line":30,"type":"binary-expr","locations":[{"start":{"line":30,"column":23},"end":{"line":30,"column":37}},{"start":{"line":31,"column":20},"end":{"line":31,"column":61}},{"start":{"line":32,"column":20},"end":{"line":32,"column":70}},{"start":{"line":33,"column":20},"end":{"line":33,"column":26}}]},"3":{"line":37,"type":"cond-expr","locations":[{"start":{"line":38,"column":14},"end":{"line":38,"column":20}},{"start":{"line":39,"column":14},"end":{"line":39,"column":20}}]},"4":{"line":41,"type":"binary-expr","locations":[{"start":{"line":41,"column":16},"end":{"line":41,"column":44}},{"start":{"line":41,"column":48},"end":{"line":41,"column":53}}]},"5":{"line":45,"type":"if","locations":[{"start":{"line":45,"column":8},"end":{"line":45,"column":8}},{"start":{"line":45,"column":8},"end":{"line":45,"column":8}}]}},"code":["/* istanbul instrument in package npmtest_gm */","/*jslint","    bitwise: true,","    browser: true,","    maxerr: 8,","    maxlen: 96,","    node: true,","    nomen: true,","    regexp: true,","    stupid: true","*/","(function () {","    'use strict';","    var local;","","","","    // run shared js-env code - pre-init","    (function () {","        // init local","        local = {};","        // init modeJs","        local.modeJs = (function () {","            try {","                return typeof navigator.userAgent === 'string' &&","                    typeof document.querySelector('body') === 'object' &&","                    typeof XMLHttpRequest.prototype.open === 'function' &&","                    'browser';","            } catch (errorCaughtBrowser) {","                return module.exports &&","                    typeof process.versions.node === 'string' &&","                    typeof require('http').createServer === 'function' &&","                    'node';","            }","        }());","        // init global","        local.global = local.modeJs === 'browser'","            ? window","            : global;","        // init utility2_rollup","        local = local.global.utility2_rollup || local;","        // init lib","        local.local = local.npmtest_gm = local;","        // init exports","        if (local.modeJs === 'browser') {","            local.global.utility2_npmtest_gm = local;","        } else {","            module.exports = local;","            module.exports.__dirname = __dirname;","            module.exports.module = module;","        }","    }());","}());",""],"l":{"12":2,"14":2,"19":2,"21":2,"23":2,"24":2,"25":2,"30":1,"37":2,"41":2,"43":2,"45":2,"46":1,"48":1,"49":1,"50":1}},"/home/travis/build/npmtest/node-npmtest-gm/example.js":{"path":"/home/travis/build/npmtest/node-npmtest-gm/example.js","s":{"1":2,"2":2,"3":2,"4":2,"5":2,"6":2,"7":2,"8":1,"9":2,"10":2,"11":2,"12":2,"13":1,"14":2,"15":2,"16":2,"17":2,"18":2,"19":0,"20":2,"21":1,"22":1,"23":1,"24":1,"25":1,"26":0,"27":0,"28":1,"29":1,"30":2,"31":0,"32":0,"33":0,"34":1,"35":2,"36":2,"37":2,"38":2,"39":2,"40":2,"41":0,"42":2,"43":2,"44":2,"45":1,"46":3,"47":1,"48":1,"49":1,"50":1,"51":1,"52":1,"53":1,"54":1,"55":1,"56":1,"57":0,"58":1,"59":6,"60":6,"61":1,"62":2,"63":0,"64":2,"65":1,"66":1,"67":0,"68":0,"69":0,"70":0,"71":0,"72":0,"73":0,"74":0,"75":0,"76":0,"77":0,"78":0,"79":0,"80":0,"81":0,"82":0,"83":0},"b":{"1":[2,1,1,1],"2":[1,1,1,1],"3":[1,1],"4":[2,2],"5":[1,1],"6":[1,1],"7":[2,0],"8":[2,1,1,1,1,1],"9":[0,2,0],"10":[1,1],"11":[2,1,1],"12":[1,0],"13":[0,2],"14":[2,0,0,0,0,0,0],"15":[0,2],"16":[2,0],"17":[1,1],"18":[0,1],"19":[1,2,0,2],"20":[1,0],"21":[1,1],"22":[0,0],"23":[0,0],"24":[0,0],"25":[0,0],"26":[0,0],"27":[0,0],"28":[0,0]},"f":{"1":2,"2":2,"3":2,"4":2,"5":2,"6":2,"7":2,"8":2,"9":3,"10":1,"11":6,"12":0},"fnMap":{"1":{"name":"(anonymous_1)","line":26,"loc":{"start":{"line":26,"column":1},"end":{"line":26,"column":13}}},"2":{"name":"(anonymous_2)","line":33,"loc":{"start":{"line":33,"column":5},"end":{"line":33,"column":17}}},"3":{"name":"(anonymous_3)","line":37,"loc":{"start":{"line":37,"column":24},"end":{"line":37,"column":36}}},"4":{"name":"(anonymous_4)","line":69,"loc":{"start":{"line":69,"column":31},"end":{"line":69,"column":48}},"skip":true},"5":{"name":"(anonymous_5)","line":78,"loc":{"start":{"line":78,"column":26},"end":{"line":78,"column":45}},"skip":true},"6":{"name":"(anonymous_6)","line":123,"loc":{"start":{"line":123,"column":33},"end":{"line":123,"column":48}},"skip":true},"7":{"name":"(anonymous_7)","line":125,"loc":{"start":{"line":125,"column":27},"end":{"line":125,"column":39}},"skip":true},"8":{"name":"(anonymous_8)","line":133,"loc":{"start":{"line":133,"column":59},"end":{"line":133,"column":74}},"skip":true},"9":{"name":"(anonymous_9)","line":143,"loc":{"start":{"line":143,"column":45},"end":{"line":143,"column":62}},"skip":true},"10":{"name":"(anonymous_10)","line":144,"loc":{"start":{"line":144,"column":73},"end":{"line":144,"column":92}},"skip":true},"11":{"name":"(anonymous_11)","line":272,"loc":{"start":{"line":272,"column":51},"end":{"line":272,"column":77}},"skip":true},"12":{"name":"(anonymous_12)","line":314,"loc":{"start":{"line":314,"column":32},"end":{"line":314,"column":61}},"skip":true}},"statementMap":{"1":{"start":{"line":26,"column":0},"end":{"line":325,"column":5}},"2":{"start":{"line":28,"column":4},"end":{"line":28,"column":14}},"3":{"start":{"line":33,"column":4},"end":{"line":60,"column":9}},"4":{"start":{"line":35,"column":8},"end":{"line":35,"column":19}},"5":{"start":{"line":37,"column":8},"end":{"line":49,"column":13}},"6":{"start":{"line":38,"column":12},"end":{"line":48,"column":13}},"7":{"start":{"line":39,"column":16},"end":{"line":42,"column":30}},"8":{"start":{"line":44,"column":16},"end":{"line":47,"column":27}},"9":{"start":{"line":51,"column":8},"end":{"line":53,"column":21}},"10":{"start":{"line":55,"column":8},"end":{"line":57,"column":45}},"11":{"start":{"line":59,"column":8},"end":{"line":59,"column":35}},"12":{"start":{"line":61,"column":4},"end":{"line":324,"column":5}},"13":{"start":{"line":69,"column":8},"end":{"line":121,"column":10},"skip":true},"14":{"start":{"line":70,"column":12},"end":{"line":88,"column":13},"skip":true},"15":{"start":{"line":76,"column":16},"end":{"line":87,"column":19},"skip":true},"16":{"start":{"line":79,"column":20},"end":{"line":86,"column":21},"skip":true},"17":{"start":{"line":82,"column":24},"end":{"line":82,"column":43},"skip":true},"18":{"start":{"line":83,"column":24},"end":{"line":83,"column":30},"skip":true},"19":{"start":{"line":85,"column":24},"end":{"line":85,"column":49},"skip":true},"20":{"start":{"line":89,"column":12},"end":{"line":107,"column":13},"skip":true},"21":{"start":{"line":92,"column":16},"end":{"line":102,"column":17},"skip":true},"22":{"start":{"line":93,"column":20},"end":{"line":93,"column":86},"skip":true},"23":{"start":{"line":94,"column":20},"end":{"line":95,"column":45},"skip":true},"24":{"start":{"line":96,"column":20},"end":{"line":96,"column":42},"skip":true},"25":{"start":{"line":97,"column":20},"end":{"line":97,"column":48},"skip":true},"26":{"start":{"line":100,"column":20},"end":{"line":100,"column":85},"skip":true},"27":{"start":{"line":101,"column":20},"end":{"line":101,"column":96},"skip":true},"28":{"start":{"line":103,"column":16},"end":{"line":103,"column":22},"skip":true},"29":{"start":{"line":106,"column":16},"end":{"line":106,"column":22},"skip":true},"30":{"start":{"line":108,"column":12},"end":{"line":120,"column":13},"skip":true},"31":{"start":{"line":114,"column":16},"end":{"line":119,"column":17},"skip":true},"32":{"start":{"line":116,"column":20},"end":{"line":116,"column":78},"skip":true},"33":{"start":{"line":118,"column":20},"end":{"line":118,"column":53},"skip":true},"34":{"start":{"line":123,"column":8},"end":{"line":141,"column":11},"skip":true},"35":{"start":{"line":124,"column":12},"end":{"line":124,"column":54},"skip":true},"36":{"start":{"line":125,"column":12},"end":{"line":140,"column":14},"skip":true},"37":{"start":{"line":126,"column":16},"end":{"line":126,"column":28},"skip":true},"38":{"start":{"line":127,"column":16},"end":{"line":127,"column":69},"skip":true},"39":{"start":{"line":128,"column":16},"end":{"line":128,"column":75},"skip":true},"40":{"start":{"line":129,"column":16},"end":{"line":131,"column":17},"skip":true},"41":{"start":{"line":130,"column":20},"end":{"line":130,"column":27},"skip":true},"42":{"start":{"line":133,"column":16},"end":{"line":137,"column":36},"skip":true},"43":{"start":{"line":134,"column":20},"end":{"line":136,"column":55},"skip":true},"44":{"start":{"line":139,"column":16},"end":{"line":139,"column":57},"skip":true},"45":{"start":{"line":143,"column":8},"end":{"line":147,"column":11},"skip":true},"46":{"start":{"line":144,"column":12},"end":{"line":146,"column":15},"skip":true},"47":{"start":{"line":145,"column":16},"end":{"line":145,"column":70},"skip":true},"48":{"start":{"line":149,"column":8},"end":{"line":149,"column":31},"skip":true},"49":{"start":{"line":150,"column":8},"end":{"line":150,"column":14},"skip":true},"50":{"start":{"line":158,"column":8},"end":{"line":158,"column":31},"skip":true},"51":{"start":{"line":160,"column":8},"end":{"line":160,"column":33},"skip":true},"52":{"start":{"line":161,"column":8},"end":{"line":161,"column":37},"skip":true},"53":{"start":{"line":162,"column":8},"end":{"line":162,"column":35},"skip":true},"54":{"start":{"line":164,"column":8},"end":{"line":164,"column":50},"skip":true},"55":{"start":{"line":166,"column":8},"end":{"line":256,"column":2},"skip":true},"56":{"start":{"line":258,"column":8},"end":{"line":286,"column":9},"skip":true},"57":{"start":{"line":259,"column":12},"end":{"line":269,"column":14},"skip":true},"58":{"start":{"line":271,"column":12},"end":{"line":285,"column":19},"skip":true},"59":{"start":{"line":274,"column":20},"end":{"line":274,"column":35},"skip":true},"60":{"start":{"line":275,"column":20},"end":{"line":284,"column":21},"skip":true},"61":{"start":{"line":277,"column":24},"end":{"line":277,"column":64},"skip":true},"62":{"start":{"line":279,"column":24},"end":{"line":279,"column":40},"skip":true},"63":{"start":{"line":281,"column":24},"end":{"line":281,"column":40},"skip":true},"64":{"start":{"line":283,"column":24},"end":{"line":283,"column":39},"skip":true},"65":{"start":{"line":288,"column":8},"end":{"line":290,"column":9},"skip":true},"66":{"start":{"line":289,"column":12},"end":{"line":289,"column":18},"skip":true},"67":{"start":{"line":291,"column":8},"end":{"line":293,"column":54},"skip":true},"68":{"start":{"line":294,"column":8},"end":{"line":301,"column":37},"skip":true},"69":{"start":{"line":302,"column":8},"end":{"line":302,"column":82},"skip":true},"70":{"start":{"line":305,"column":8},"end":{"line":307,"column":9},"skip":true},"71":{"start":{"line":306,"column":12},"end":{"line":306,"column":82},"skip":true},"72":{"start":{"line":309,"column":8},"end":{"line":311,"column":9},"skip":true},"73":{"start":{"line":310,"column":12},"end":{"line":310,"column":18},"skip":true},"74":{"start":{"line":312,"column":8},"end":{"line":312,"column":54},"skip":true},"75":{"start":{"line":313,"column":8},"end":{"line":313,"column":69},"skip":true},"76":{"start":{"line":314,"column":8},"end":{"line":322,"column":36},"skip":true},"77":{"start":{"line":315,"column":12},"end":{"line":315,"column":61},"skip":true},"78":{"start":{"line":316,"column":12},"end":{"line":319,"column":13},"skip":true},"79":{"start":{"line":317,"column":16},"end":{"line":317,"column":75},"skip":true},"80":{"start":{"line":318,"column":16},"end":{"line":318,"column":23},"skip":true},"81":{"start":{"line":320,"column":12},"end":{"line":320,"column":38},"skip":true},"82":{"start":{"line":321,"column":12},"end":{"line":321,"column":27},"skip":true},"83":{"start":{"line":323,"column":8},"end":{"line":323,"column":14},"skip":true}},"branchMap":{"1":{"line":39,"type":"binary-expr","locations":[{"start":{"line":39,"column":23},"end":{"line":39,"column":62}},{"start":{"line":40,"column":20},"end":{"line":40,"column":70}},{"start":{"line":41,"column":20},"end":{"line":41,"column":71}},{"start":{"line":42,"column":20},"end":{"line":42,"column":29}}]},"2":{"line":44,"type":"binary-expr","locations":[{"start":{"line":44,"column":23},"end":{"line":44,"column":37}},{"start":{"line":45,"column":20},"end":{"line":45,"column":61}},{"start":{"line":46,"column":20},"end":{"line":46,"column":70}},{"start":{"line":47,"column":20},"end":{"line":47,"column":26}}]},"3":{"line":51,"type":"cond-expr","locations":[{"start":{"line":52,"column":14},"end":{"line":52,"column":20}},{"start":{"line":53,"column":14},"end":{"line":53,"column":20}}]},"4":{"line":55,"type":"binary-expr","locations":[{"start":{"line":55,"column":16},"end":{"line":55,"column":44}},{"start":{"line":55,"column":49},"end":{"line":57,"column":43}}]},"5":{"line":55,"type":"cond-expr","locations":[{"start":{"line":56,"column":14},"end":{"line":56,"column":46}},{"start":{"line":57,"column":14},"end":{"line":57,"column":43}}]},"6":{"line":61,"type":"switch","locations":[{"start":{"line":68,"column":4},"end":{"line":150,"column":14},"skip":true},{"start":{"line":156,"column":4},"end":{"line":323,"column":14},"skip":true}]},"7":{"line":70,"type":"if","locations":[{"start":{"line":70,"column":12},"end":{"line":70,"column":12},"skip":true},{"start":{"line":70,"column":12},"end":{"line":70,"column":12},"skip":true}]},"8":{"line":70,"type":"binary-expr","locations":[{"start":{"line":70,"column":16},"end":{"line":70,"column":22},"skip":true},{"start":{"line":70,"column":27},"end":{"line":70,"column":32},"skip":true},{"start":{"line":71,"column":20},"end":{"line":71,"column":39},"skip":true},{"start":{"line":72,"column":20},"end":{"line":72,"column":49},"skip":true},{"start":{"line":73,"column":20},"end":{"line":73,"column":58},"skip":true},{"start":{"line":74,"column":20},"end":{"line":74,"column":69},"skip":true}]},"9":{"line":79,"type":"switch","locations":[{"start":{"line":80,"column":20},"end":{"line":80,"column":33},"skip":true},{"start":{"line":81,"column":20},"end":{"line":83,"column":30},"skip":true},{"start":{"line":84,"column":20},"end":{"line":85,"column":49},"skip":true}]},"10":{"line":89,"type":"switch","locations":[{"start":{"line":90,"column":12},"end":{"line":103,"column":22},"skip":true},{"start":{"line":105,"column":12},"end":{"line":106,"column":22},"skip":true}]},"11":{"line":89,"type":"binary-expr","locations":[{"start":{"line":89,"column":20},"end":{"line":89,"column":25},"skip":true},{"start":{"line":89,"column":29},"end":{"line":89,"column":48},"skip":true},{"start":{"line":89,"column":52},"end":{"line":89,"column":74},"skip":true}]},"12":{"line":92,"type":"if","locations":[{"start":{"line":92,"column":16},"end":{"line":92,"column":16},"skip":true},{"start":{"line":92,"column":16},"end":{"line":92,"column":16},"skip":true}]},"13":{"line":108,"type":"if","locations":[{"start":{"line":108,"column":12},"end":{"line":108,"column":12},"skip":true},{"start":{"line":108,"column":12},"end":{"line":108,"column":12},"skip":true}]},"14":{"line":108,"type":"binary-expr","locations":[{"start":{"line":108,"column":16},"end":{"line":108,"column":61},"skip":true},{"start":{"line":108,"column":66},"end":{"line":108,"column":72},"skip":true},{"start":{"line":108,"column":77},"end":{"line":108,"column":82},"skip":true},{"start":{"line":109,"column":20},"end":{"line":109,"column":39},"skip":true},{"start":{"line":110,"column":20},"end":{"line":110,"column":49},"skip":true},{"start":{"line":111,"column":20},"end":{"line":111,"column":58},"skip":true},{"start":{"line":112,"column":20},"end":{"line":112,"column":68},"skip":true}]},"15":{"line":129,"type":"if","locations":[{"start":{"line":129,"column":16},"end":{"line":129,"column":16},"skip":true},{"start":{"line":129,"column":16},"end":{"line":129,"column":16},"skip":true}]},"16":{"line":134,"type":"cond-expr","locations":[{"start":{"line":135,"column":26},"end":{"line":135,"column":29},"skip":true},{"start":{"line":136,"column":26},"end":{"line":136,"column":54},"skip":true}]},"17":{"line":164,"type":"binary-expr","locations":[{"start":{"line":164,"column":27},"end":{"line":164,"column":43},"skip":true},{"start":{"line":164,"column":47},"end":{"line":164,"column":49},"skip":true}]},"18":{"line":258,"type":"if","locations":[{"start":{"line":258,"column":8},"end":{"line":258,"column":8},"skip":true},{"start":{"line":258,"column":8},"end":{"line":258,"column":8},"skip":true}]},"19":{"line":275,"type":"switch","locations":[{"start":{"line":276,"column":20},"end":{"line":277,"column":64},"skip":true},{"start":{"line":278,"column":20},"end":{"line":279,"column":40},"skip":true},{"start":{"line":280,"column":20},"end":{"line":281,"column":40},"skip":true},{"start":{"line":282,"column":20},"end":{"line":283,"column":39},"skip":true}]},"20":{"line":288,"type":"if","locations":[{"start":{"line":288,"column":8},"end":{"line":288,"column":8},"skip":true},{"start":{"line":288,"column":8},"end":{"line":288,"column":8},"skip":true}]},"21":{"line":288,"type":"binary-expr","locations":[{"start":{"line":288,"column":12},"end":{"line":288,"column":40},"skip":true},{"start":{"line":288,"column":44},"end":{"line":288,"column":67},"skip":true}]},"22":{"line":292,"type":"binary-expr","locations":[{"start":{"line":292,"column":12},"end":{"line":292,"column":50},"skip":true},{"start":{"line":293,"column":12},"end":{"line":293,"column":53},"skip":true}]},"23":{"line":295,"type":"binary-expr","locations":[{"start":{"line":295,"column":12},"end":{"line":295,"column":60},"skip":true},{"start":{"line":296,"column":12},"end":{"line":301,"column":36},"skip":true}]},"24":{"line":302,"type":"binary-expr","locations":[{"start":{"line":302,"column":43},"end":{"line":302,"column":75},"skip":true},{"start":{"line":302,"column":79},"end":{"line":302,"column":81},"skip":true}]},"25":{"line":305,"type":"if","locations":[{"start":{"line":305,"column":8},"end":{"line":305,"column":8},"skip":true},{"start":{"line":305,"column":8},"end":{"line":305,"column":8},"skip":true}]},"26":{"line":309,"type":"if","locations":[{"start":{"line":309,"column":8},"end":{"line":309,"column":8},"skip":true},{"start":{"line":309,"column":8},"end":{"line":309,"column":8},"skip":true}]},"27":{"line":312,"type":"binary-expr","locations":[{"start":{"line":312,"column":27},"end":{"line":312,"column":43},"skip":true},{"start":{"line":312,"column":47},"end":{"line":312,"column":53},"skip":true}]},"28":{"line":316,"type":"if","locations":[{"start":{"line":316,"column":12},"end":{"line":316,"column":12},"skip":true},{"start":{"line":316,"column":12},"end":{"line":316,"column":12},"skip":true}]}},"code":["/*","example.js","","quickstart example","","instruction","    1. save this script as example.js","    2. run the shell command:","        $ npm install npmtest-gm && PORT=8081 node example.js","    3. play with the browser-demo on http://127.0.0.1:8081","*/","","","","/* istanbul instrument in package npmtest_gm */","/*jslint","    bitwise: true,","    browser: true,","    maxerr: 8,","    maxlen: 96,","    node: true,","    nomen: true,","    regexp: true,","    stupid: true","*/","(function () {","    'use strict';","    var local;","","","","    // run shared js-env code - pre-init","    (function () {","        // init local","        local = {};","        // init modeJs","        local.modeJs = (function () {","            try {","                return typeof navigator.userAgent === 'string' &&","                    typeof document.querySelector('body') === 'object' &&","                    typeof XMLHttpRequest.prototype.open === 'function' &&","                    'browser';","            } catch (errorCaughtBrowser) {","                return module.exports &&","                    typeof process.versions.node === 'string' &&","                    typeof require('http').createServer === 'function' &&","                    'node';","            }","        }());","        // init global","        local.global = local.modeJs === 'browser'","            ? window","            : global;","        // init utility2_rollup","        local = local.global.utility2_rollup || (local.modeJs === 'browser'","            ? local.global.utility2_npmtest_gm","            : global.utility2_moduleExports);","        // export local","        local.global.local = local;","    }());","    switch (local.modeJs) {","","","","    // post-init","    // run browser js-env code - post-init","    /* istanbul ignore next */","    case 'browser':","        local.testRunBrowser = function (event) {","            if (!event || (event &&","                    event.currentTarget &&","                    event.currentTarget.className &&","                    event.currentTarget.className.includes &&","                    event.currentTarget.className.includes('onreset'))) {","                // reset output","                Array.from(","                    document.querySelectorAll('body > .resettable')","                ).forEach(function (element) {","                    switch (element.tagName) {","                    case 'INPUT':","                    case 'TEXTAREA':","                        element.value = '';","                        break;","                    default:","                        element.textContent = '';","                    }","                });","            }","            switch (event && event.currentTarget && event.currentTarget.id) {","            case 'testRunButton1':","                // show tests","                if (document.querySelector('#testReportDiv1').style.display === 'none') {","                    document.querySelector('#testReportDiv1').style.display = 'block';","                    document.querySelector('#testRunButton1').textContent =","                        'hide internal test';","                    local.modeTest = true;","                    local.testRunDefault(local);","                // hide tests","                } else {","                    document.querySelector('#testReportDiv1').style.display = 'none';","                    document.querySelector('#testRunButton1').textContent = 'run internal test';","                }","                break;","            // custom-case","            default:","                break;","            }","            if (document.querySelector('#inputTextareaEval1') && (!event || (event &&","                    event.currentTarget &&","                    event.currentTarget.className &&","                    event.currentTarget.className.includes &&","                    event.currentTarget.className.includes('oneval')))) {","                // try to eval input-code","                try {","                    /*jslint evil: true*/","                    eval(document.querySelector('#inputTextareaEval1').value);","                } catch (errorCaught) {","                    console.error(errorCaught.stack);","                }","            }","        };","        // log stderr and stdout to #outputTextareaStdout1","        ['error', 'log'].forEach(function (key) {","            console[key + '_original'] = console[key];","            console[key] = function () {","                var element;","                console[key + '_original'].apply(console, arguments);","                element = document.querySelector('#outputTextareaStdout1');","                if (!element) {","                    return;","                }","                // append text to #outputTextareaStdout1","                element.value += Array.from(arguments).map(function (arg) {","                    return typeof arg === 'string'","                        ? arg","                        : JSON.stringify(arg, null, 4);","                }).join(' ') + '\\n';","                // scroll textarea to bottom","                element.scrollTop = element.scrollHeight;","            };","        });","        // init event-handling","        ['change', 'click', 'keyup'].forEach(function (event) {","            Array.from(document.querySelectorAll('.on' + event)).forEach(function (element) {","                element.addEventListener(event, local.testRunBrowser);","            });","        });","        // run tests","        local.testRunBrowser();","        break;","","","","    // run node js-env code - post-init","    /* istanbul ignore next */","    case 'node':","        // export local","        module.exports = local;","        // require modules","        local.fs = require('fs');","        local.http = require('http');","        local.url = require('url');","        // init assets","        local.assetsDict = local.assetsDict || {};","        /* jslint-ignore-begin */","        local.assetsDict['/assets.index.template.html'] = '\\","<!doctype html>\\n\\","<html lang=\"en\">\\n\\","<head>\\n\\","<meta charset=\"UTF-8\">\\n\\","<meta name=\"viewport\" content=\"width=device-width, initial-scale=1\">\\n\\","<title>{{env.npm_package_name}} (v{{env.npm_package_version}})</title>\\n\\","<style>\\n\\","/*csslint\\n\\","    box-sizing: false,\\n\\","    universal-selector: false\\n\\","*/\\n\\","* {\\n\\","    box-sizing: border-box;\\n\\","}\\n\\","body {\\n\\","    background: #dde;\\n\\","    font-family: Arial, Helvetica, sans-serif;\\n\\","    margin: 2rem;\\n\\","}\\n\\","body > * {\\n\\","    margin-bottom: 1rem;\\n\\","}\\n\\",".utility2FooterDiv {\\n\\","    margin-top: 20px;\\n\\","    text-align: center;\\n\\","}\\n\\","</style>\\n\\","<style>\\n\\","/*csslint\\n\\","*/\\n\\","textarea {\\n\\","    font-family: monospace;\\n\\","    height: 10rem;\\n\\","    width: 100%;\\n\\","}\\n\\","textarea[readonly] {\\n\\","    background: #ddd;\\n\\","}\\n\\","</style>\\n\\","</head>\\n\\","<body>\\n\\","<!-- utility2-comment\\n\\","<div id=\"ajaxProgressDiv1\" style=\"background: #d00; height: 2px; left: 0; margin: 0; padding: 0; position: fixed; top: 0; transition: background 0.5s, width 1.5s; width: 25%;\"></div>\\n\\","utility2-comment -->\\n\\","<h1>\\n\\","<!-- utility2-comment\\n\\","    <a\\n\\","        {{#if env.npm_package_homepage}}\\n\\","        href=\"{{env.npm_package_homepage}}\"\\n\\","        {{/if env.npm_package_homepage}}\\n\\","        target=\"_blank\"\\n\\","    >\\n\\","utility2-comment -->\\n\\","        {{env.npm_package_name}} (v{{env.npm_package_version}})\\n\\","<!-- utility2-comment\\n\\","    </a>\\n\\","utility2-comment -->\\n\\","</h1>\\n\\","<h3>{{env.npm_package_description}}</h3>\\n\\","<!-- utility2-comment\\n\\","<h4><a download href=\"assets.app.js\">download standalone app</a></h4>\\n\\","<button class=\"onclick onreset\" id=\"testRunButton1\">run internal test</button><br>\\n\\","<div id=\"testReportDiv1\" style=\"display: none;\"></div>\\n\\","utility2-comment -->\\n\\","\\n\\","\\n\\","\\n\\","<label>stderr and stdout</label>\\n\\","<textarea class=\"resettable\" id=\"outputTextareaStdout1\" readonly></textarea>\\n\\","<!-- utility2-comment\\n\\","{{#if isRollup}}\\n\\","<script src=\"assets.app.js\"></script>\\n\\","{{#unless isRollup}}\\n\\","utility2-comment -->\\n\\","<script src=\"assets.utility2.rollup.js\"></script>\\n\\","<script src=\"jsonp.utility2._stateInit?callback=window.utility2._stateInit\"></script>\\n\\","<script src=\"assets.npmtest_gm.rollup.js\"></script>\\n\\","<script src=\"assets.example.js\"></script>\\n\\","<script src=\"assets.test.js\"></script>\\n\\","<!-- utility2-comment\\n\\","{{/if isRollup}}\\n\\","utility2-comment -->\\n\\","<div class=\"utility2FooterDiv\">\\n\\","    [ this app was created with\\n\\","    <a href=\"https://github.com/kaizhu256/node-utility2\" target=\"_blank\">utility2</a>\\n\\","    ]\\n\\","</div>\\n\\","</body>\\n\\","</html>\\n\\","';","        /* jslint-ignore-end */","        if (local.templateRender) {","            local.assetsDict['/'] = local.templateRender(","                local.assetsDict['/assets.index.template.html'],","                {","                    env: local.objectSetDefault(local.env, {","                        npm_package_description: 'the greatest app in the world!',","                        npm_package_name: 'my-app',","                        npm_package_nameAlias: 'my_app',","                        npm_package_version: '0.0.1'","                    })","                }","            );","        } else {","            local.assetsDict['/'] = local.assetsDict['/assets.index.template.html']","                .replace((/\\{\\{env\\.(\\w+?)\\}\\}/g), function (match0, match1) {","                    // jslint-hack","                    String(match0);","                    switch (match1) {","                    case 'npm_package_description':","                        return 'the greatest app in the world!';","                    case 'npm_package_name':","                        return 'my-app';","                    case 'npm_package_nameAlias':","                        return 'my_app';","                    case 'npm_package_version':","                        return '0.0.1';","                    }","                });","        }","        // run the cli","        if (local.global.utility2_rollup || module !== require.main) {","            break;","        }","        local.assetsDict['/assets.example.js'] =","            local.assetsDict['/assets.example.js'] ||","            local.fs.readFileSync(__filename, 'utf8');","        local.assetsDict['/assets.npmtest_gm.rollup.js'] =","            local.assetsDict['/assets.npmtest_gm.rollup.js'] ||","            local.fs.readFileSync(","                // buildCustomOrg-hack","                local.npmtest_gm.__dirname +","                    '/lib.npmtest_gm.js',","                'utf8'","            ).replace((/^#!/), '//');","        local.assetsDict['/favicon.ico'] = local.assetsDict['/favicon.ico'] || '';","        // if $npm_config_timeout_exit exists,","        // then exit this process after $npm_config_timeout_exit ms","        if (Number(process.env.npm_config_timeout_exit)) {","            setTimeout(process.exit, Number(process.env.npm_config_timeout_exit));","        }","        // start server","        if (local.global.utility2_serverHttp1) {","            break;","        }","        process.env.PORT = process.env.PORT || '8081';","        console.error('server starting on port ' + process.env.PORT);","        local.http.createServer(function (request, response) {","            request.urlParsed = local.url.parse(request.url);","            if (local.assetsDict[request.urlParsed.pathname] !== undefined) {","                response.end(local.assetsDict[request.urlParsed.pathname]);","                return;","            }","            response.statusCode = 404;","            response.end();","        }).listen(process.env.PORT);","        break;","    }","}());",""],"l":{"26":2,"28":2,"33":2,"35":2,"37":2,"38":2,"39":2,"44":1,"51":2,"55":2,"59":2,"61":2,"69":1,"70":2,"76":2,"79":2,"82":2,"83":2,"85":1,"89":2,"92":1,"93":1,"94":1,"96":1,"97":1,"100":1,"101":1,"103":1,"106":1,"108":2,"114":1,"116":1,"118":1,"123":1,"124":2,"125":2,"126":2,"127":2,"128":2,"129":2,"130":1,"133":2,"134":2,"139":2,"143":1,"144":3,"145":1,"149":1,"150":1,"158":1,"160":1,"161":1,"162":1,"164":1,"166":1,"258":1,"259":1,"271":1,"274":6,"275":6,"277":1,"279":2,"281":1,"283":2,"288":1,"289":1,"291":1,"294":1,"302":1,"305":1,"306":1,"309":1,"310":1,"312":1,"313":1,"314":1,"315":1,"316":1,"317":1,"318":1,"320":1,"321":1,"323":1}},"/home/travis/build/npmtest/node-npmtest-gm/gm/index.js":{"path":"/home/travis/build/npmtest/node-npmtest-gm/gm/index.js","s":{"1":1,"2":1,"3":1,"4":1,"5":1,"6":0,"7":0,"8":0,"9":0,"10":0,"11":0,"12":0,"13":0,"14":0,"15":0,"16":0,"17":0,"18":0,"19":0,"20":0,"21":0,"22":0,"23":0,"24":0,"25":0,"26":0,"27":0,"28":0,"29":0,"30":0,"31":0,"32":0,"33":0,"34":0,"35":0,"36":0,"37":0,"38":0,"39":0,"40":0,"41":0,"42":1,"43":1,"44":1,"45":0,"46":0,"47":0,"48":0,"49":0,"50":0,"51":0,"52":1,"53":1,"54":1,"55":1,"56":1,"57":1,"58":1,"59":1,"60":1,"61":1,"62":1,"63":1,"64":1},"b":{"1":[0,0],"2":[0,0],"3":[0,0],"4":[0,0],"5":[0,0],"6":[0,0],"7":[0,0],"8":[0,0],"9":[0,0],"10":[0,0],"11":[0,0],"12":[0,0],"13":[0,0],"14":[0,0]},"f":{"1":0,"2":0,"3":0,"4":0},"fnMap":{"1":{"name":"gm","line":20,"loc":{"start":{"line":20,"column":0},"end":{"line":20,"column":36}}},"2":{"name":"(anonymous_2)","line":71,"loc":{"start":{"line":71,"column":23},"end":{"line":71,"column":38}}},"3":{"name":"subClass","line":92,"loc":{"start":{"line":92,"column":14},"end":{"line":92,"column":42}}},"4":{"name":"gm","line":93,"loc":{"start":{"line":93,"column":2},"end":{"line":93,"column":38}}}},"statementMap":{"1":{"start":{"line":6,"column":0},"end":{"line":6,"column":38}},"2":{"start":{"line":7,"column":0},"end":{"line":7,"column":50}},"3":{"start":{"line":8,"column":0},"end":{"line":8,"column":27}},"4":{"start":{"line":10,"column":0},"end":{"line":10,"column":32}},"5":{"start":{"line":20,"column":0},"end":{"line":82,"column":1}},"6":{"start":{"line":21,"column":2},"end":{"line":21,"column":12}},"7":{"start":{"line":23,"column":2},"end":{"line":25,"column":3}},"8":{"start":{"line":24,"column":4},"end":{"line":24,"column":41}},"9":{"start":{"line":27,"column":2},"end":{"line":27,"column":26}},"10":{"start":{"line":29,"column":2},"end":{"line":29,"column":21}},"11":{"start":{"line":30,"column":2},"end":{"line":30,"column":40}},"12":{"start":{"line":32,"column":2},"end":{"line":32,"column":17}},"13":{"start":{"line":33,"column":2},"end":{"line":33,"column":16}},"14":{"start":{"line":34,"column":2},"end":{"line":34,"column":17}},"15":{"start":{"line":35,"column":2},"end":{"line":35,"column":28}},"16":{"start":{"line":36,"column":2},"end":{"line":36,"column":31}},"17":{"start":{"line":38,"column":2},"end":{"line":54,"column":3}},"18":{"start":{"line":39,"column":4},"end":{"line":39,"column":31}},"19":{"start":{"line":40,"column":4},"end":{"line":40,"column":37}},"20":{"start":{"line":41,"column":9},"end":{"line":54,"column":3}},"21":{"start":{"line":42,"column":4},"end":{"line":42,"column":31}},"22":{"start":{"line":43,"column":4},"end":{"line":43,"column":37}},"23":{"start":{"line":44,"column":9},"end":{"line":54,"column":3}},"24":{"start":{"line":46,"column":4},"end":{"line":46,"column":19}},"25":{"start":{"line":47,"column":4},"end":{"line":47,"column":16}},"26":{"start":{"line":49,"column":4},"end":{"line":49,"column":43}},"27":{"start":{"line":51,"column":4},"end":{"line":53,"column":5}},"28":{"start":{"line":52,"column":6},"end":{"line":52,"column":28}},"29":{"start":{"line":56,"column":2},"end":{"line":67,"column":3}},"30":{"start":{"line":62,"column":4},"end":{"line":62,"column":43}},"31":{"start":{"line":63,"column":4},"end":{"line":66,"column":5}},"32":{"start":{"line":64,"column":6},"end":{"line":64,"column":72}},"33":{"start":{"line":65,"column":6},"end":{"line":65,"column":46}},"34":{"start":{"line":69,"column":2},"end":{"line":69,"column":23}},"35":{"start":{"line":71,"column":2},"end":{"line":81,"column":5}},"36":{"start":{"line":74,"column":4},"end":{"line":74,"column":64}},"37":{"start":{"line":75,"column":4},"end":{"line":75,"column":49}},"38":{"start":{"line":77,"column":4},"end":{"line":77,"column":59}},"39":{"start":{"line":77,"column":34},"end":{"line":77,"column":59}},"40":{"start":{"line":79,"column":4},"end":{"line":79,"column":19}},"41":{"start":{"line":80,"column":4},"end":{"line":80,"column":17}},"42":{"start":{"line":91,"column":0},"end":{"line":91,"column":16}},"43":{"start":{"line":92,"column":0},"end":{"line":106,"column":1}},"44":{"start":{"line":93,"column":2},"end":{"line":99,"column":3}},"45":{"start":{"line":94,"column":4},"end":{"line":96,"column":5}},"46":{"start":{"line":95,"column":6},"end":{"line":95,"column":43}},"47":{"start":{"line":98,"column":4},"end":{"line":98,"column":45}},"48":{"start":{"line":101,"column":2},"end":{"line":101,"column":44}},"49":{"start":{"line":102,"column":2},"end":{"line":102,"column":29}},"50":{"start":{"line":103,"column":2},"end":{"line":103,"column":32}},"51":{"start":{"line":105,"column":2},"end":{"line":105,"column":12}},"52":{"start":{"line":112,"column":0},"end":{"line":112,"column":39}},"53":{"start":{"line":113,"column":0},"end":{"line":113,"column":29}},"54":{"start":{"line":114,"column":0},"end":{"line":114,"column":36}},"55":{"start":{"line":115,"column":0},"end":{"line":115,"column":39}},"56":{"start":{"line":116,"column":0},"end":{"line":116,"column":43}},"57":{"start":{"line":117,"column":0},"end":{"line":117,"column":39}},"58":{"start":{"line":118,"column":0},"end":{"line":118,"column":39}},"59":{"start":{"line":119,"column":0},"end":{"line":119,"column":41}},"60":{"start":{"line":120,"column":0},"end":{"line":120,"column":39}},"61":{"start":{"line":126,"column":0},"end":{"line":126,"column":30}},"62":{"start":{"line":127,"column":0},"end":{"line":127,"column":46}},"63":{"start":{"line":128,"column":0},"end":{"line":128,"column":52}},"64":{"start":{"line":129,"column":0},"end":{"line":129,"column":59}}},"branchMap":{"1":{"line":23,"type":"if","locations":[{"start":{"line":23,"column":2},"end":{"line":23,"column":2}},{"start":{"line":23,"column":2},"end":{"line":23,"column":2}}]},"2":{"line":38,"type":"if","locations":[{"start":{"line":38,"column":2},"end":{"line":38,"column":2}},{"start":{"line":38,"column":2},"end":{"line":38,"column":2}}]},"3":{"line":40,"type":"binary-expr","locations":[{"start":{"line":40,"column":13},"end":{"line":40,"column":19}},{"start":{"line":40,"column":23},"end":{"line":40,"column":36}}]},"4":{"line":41,"type":"if","locations":[{"start":{"line":41,"column":9},"end":{"line":41,"column":9}},{"start":{"line":41,"column":9},"end":{"line":41,"column":9}}]},"5":{"line":43,"type":"binary-expr","locations":[{"start":{"line":43,"column":13},"end":{"line":43,"column":19}},{"start":{"line":43,"column":23},"end":{"line":43,"column":36}}]},"6":{"line":44,"type":"if","locations":[{"start":{"line":44,"column":9},"end":{"line":44,"column":9}},{"start":{"line":44,"column":9},"end":{"line":44,"column":9}}]},"7":{"line":51,"type":"if","locations":[{"start":{"line":51,"column":4},"end":{"line":51,"column":4}},{"start":{"line":51,"column":4},"end":{"line":51,"column":4}}]},"8":{"line":56,"type":"if","locations":[{"start":{"line":56,"column":2},"end":{"line":56,"column":2}},{"start":{"line":56,"column":2},"end":{"line":56,"column":2}}]},"9":{"line":63,"type":"if","locations":[{"start":{"line":63,"column":4},"end":{"line":63,"column":4}},{"start":{"line":63,"column":4},"end":{"line":63,"column":4}}]},"10":{"line":74,"type":"binary-expr","locations":[{"start":{"line":74,"column":25},"end":{"line":74,"column":42}},{"start":{"line":74,"column":46},"end":{"line":74,"column":63}}]},"11":{"line":75,"type":"cond-expr","locations":[{"start":{"line":75,"column":31},"end":{"line":75,"column":34}},{"start":{"line":75,"column":37},"end":{"line":75,"column":48}}]},"12":{"line":77,"type":"if","locations":[{"start":{"line":77,"column":4},"end":{"line":77,"column":4}},{"start":{"line":77,"column":4},"end":{"line":77,"column":4}}]},"13":{"line":77,"type":"binary-expr","locations":[{"start":{"line":77,"column":8},"end":{"line":77,"column":11}},{"start":{"line":77,"column":15},"end":{"line":77,"column":32}}]},"14":{"line":94,"type":"if","locations":[{"start":{"line":94,"column":4},"end":{"line":94,"column":4}},{"start":{"line":94,"column":4},"end":{"line":94,"column":4}}]}},"code":["","/**"," * Module dependencies."," */","","var Stream = require('stream').Stream;","var EventEmitter = require('events').EventEmitter;","var util = require('util');","","util.inherits(gm, EventEmitter);","","/**"," * Constructor."," *"," * @param {String|Number} path - path to img source or ReadableStream or width of img to create"," * @param {Number} [height] - optional filename of ReadableStream or height of img to create"," * @param {String} [color] - optional hex background color of created img"," */","","function gm (source, height, color) {","  var width;","","  if (!(this instanceof gm)) {","    return new gm(source, height, color);","  }","","  EventEmitter.call(this);","","  this._options = {};","  this.options(this.__proto__._options);","","  this.data = {};","  this._in = [];","  this._out = [];","  this._outputFormat = null;","  this._subCommand = 'convert';","","  if (source instanceof Stream) {","    this.sourceStream = source;","    source = height || 'unknown.jpg';","  } else if (Buffer.isBuffer(source)) {","    this.sourceBuffer = source;","    source = height || 'unknown.jpg';","  } else if (height) {","    // new images","    width = source;","    source = \"\";","","    this.in(\"-size\", width + \"x\" + height);","","    if (color) {","      this.in(\"xc:\"+ color);","    }","  }","","  if (typeof source === \"string\") {","    // then source is a path","","    // parse out gif frame brackets from filename","    // since stream doesn't use source path","    // eg. \"filename.gif[0]\"","    var frames = source.match(/(\\[.+\\])$/);","    if (frames) {","      this.sourceFrames = source.substr(frames.index, frames[0].length);","      source = source.substr(0, frames.index);","    }","  }","","  this.source = source;","","  this.addSrcFormatter(function (src) {","    // must be first source formatter","","    var inputFromStdin = this.sourceStream || this.sourceBuffer;","    var ret = inputFromStdin ? '-' : this.source;","","    if (ret && this.sourceFrames) ret += this.sourceFrames;","","    src.length = 0;","    src[0] = ret;","  });","}","","/**"," * Subclasses the gm constructor with custom options."," *"," * @param {options} options"," * @return {gm} the subclasses gm constructor"," */","","var parent = gm;","gm.subClass = function subClass (options) {","  function gm (source, height, color) {","    if (!(this instanceof parent)) {","      return new gm(source, height, color);","    }","","    parent.call(this, source, height, color);","  }","","  gm.prototype.__proto__ = parent.prototype;","  gm.prototype._options = {};","  gm.prototype.options(options);","","  return gm;","}","","/**"," * Augment the prototype."," */","","require(\"./lib/options\")(gm.prototype);","require(\"./lib/getters\")(gm);","require(\"./lib/args\")(gm.prototype);","require(\"./lib/drawing\")(gm.prototype);","require(\"./lib/convenience\")(gm.prototype);","require(\"./lib/command\")(gm.prototype);","require(\"./lib/compare\")(gm.prototype);","require(\"./lib/composite\")(gm.prototype);","require(\"./lib/montage\")(gm.prototype);","","/**"," * Expose."," */","","module.exports = exports = gm;","module.exports.utils = require('./lib/utils');","module.exports.compare = require('./lib/compare')();","module.exports.version = require('./package.json').version;",""],"l":{"6":1,"7":1,"8":1,"10":1,"20":1,"21":0,"23":0,"24":0,"27":0,"29":0,"30":0,"32":0,"33":0,"34":0,"35":0,"36":0,"38":0,"39":0,"40":0,"41":0,"42":0,"43":0,"44":0,"46":0,"47":0,"49":0,"51":0,"52":0,"56":0,"62":0,"63":0,"64":0,"65":0,"69":0,"71":0,"74":0,"75":0,"77":0,"79":0,"80":0,"91":1,"92":1,"93":1,"94":0,"95":0,"98":0,"101":0,"102":0,"103":0,"105":0,"112":1,"113":1,"114":1,"115":1,"116":1,"117":1,"118":1,"119":1,"120":1,"126":1,"127":1,"128":1,"129":1}},"/home/travis/build/npmtest/node-npmtest-gm/gm/lib/options.js":{"path":"/home/travis/build/npmtest/node-npmtest-gm/gm/lib/options.js","s":{"1":1,"2":1,"3":1,"4":0,"5":0,"6":0,"7":0,"8":0},"b":{},"f":{"1":1,"2":0},"fnMap":{"1":{"name":"(anonymous_1)","line":2,"loc":{"start":{"line":2,"column":27},"end":{"line":2,"column":44}}},"2":{"name":"setOptions","line":5,"loc":{"start":{"line":5,"column":18},"end":{"line":5,"column":48}}}},"statementMap":{"1":{"start":{"line":2,"column":0},"end":{"line":17,"column":1}},"2":{"start":{"line":3,"column":2},"end":{"line":3,"column":22}},"3":{"start":{"line":5,"column":2},"end":{"line":16,"column":3}},"4":{"start":{"line":6,"column":4},"end":{"line":8,"column":11}},"5":{"start":{"line":10,"column":4},"end":{"line":13,"column":5}},"6":{"start":{"line":11,"column":6},"end":{"line":11,"column":20}},"7":{"start":{"line":12,"column":6},"end":{"line":12,"column":40}},"8":{"start":{"line":15,"column":4},"end":{"line":15,"column":16}}},"branchMap":{},"code":["","module.exports = exports = function (proto) {","  proto._options = {};","","  proto.options = function setOptions (options) {","    var keys = Object.keys(options)","      , i = keys.length","      , key","","    while (i--) {","      key = keys[i];","      this._options[key] = options[key];","    }","","    return this;","  }","}",""],"l":{"2":1,"3":1,"5":1,"6":0,"10":0,"11":0,"12":0,"15":0}},"/home/travis/build/npmtest/node-npmtest-gm/gm/lib/getters.js":{"path":"/home/travis/build/npmtest/node-npmtest-gm/gm/lib/getters.js","s":{"1":1,"2":1,"3":1,"4":1,"5":1,"6":1,"7":7,"8":0,"9":0,"10":0,"11":0,"12":0,"13":0,"14":0,"15":0,"16":0,"17":0,"18":0,"19":0,"20":0,"21":0,"22":0,"23":0,"24":0,"25":0,"26":0,"27":0,"28":0,"29":0,"30":0,"31":0,"32":0,"33":0,"34":0,"35":1,"36":0,"37":0,"38":0,"39":0,"40":0,"41":0,"42":0,"43":0,"44":0,"45":0,"46":0,"47":0,"48":0,"49":0,"50":0,"51":0,"52":0,"53":0,"54":0,"55":0,"56":0,"57":0,"58":0,"59":0,"60":0,"61":0,"62":0,"63":0,"64":0,"65":0,"66":1,"67":0,"68":0,"69":0,"70":0,"71":0,"72":0,"73":0,"74":0,"75":1,"76":0,"77":0,"78":0,"79":0,"80":0,"81":0,"82":0,"83":0,"84":0,"85":0,"86":0,"87":0,"88":0,"89":0,"90":0,"91":0,"92":0,"93":0,"94":0,"95":0,"96":0,"97":0,"98":0,"99":0,"100":0,"101":0,"102":0,"103":0,"104":0,"105":0,"106":0,"107":0,"108":0,"109":0,"110":0,"111":1,"112":0,"113":0,"114":0,"115":0,"116":0,"117":0,"118":0,"119":1,"120":1,"121":1,"122":0,"123":0,"124":0,"125":0,"126":0,"127":0,"128":0,"129":0,"130":0,"131":1,"132":0,"133":1,"134":0,"135":1,"136":0,"137":1,"138":0,"139":0,"140":0,"141":0,"142":0},"b":{"1":[0,0],"2":[0,0],"3":[0,0],"4":[0,0],"5":[0,0],"6":[0,0],"7":[0,0],"8":[0,0],"9":[0,0],"10":[0,0],"11":[0,0],"12":[0,0],"13":[0,0],"14":[0,0],"15":[0,0],"16":[0,0],"17":[0,0],"18":[0,0],"19":[0,0],"20":[0,0],"21":[0,0],"22":[0,0],"23":[0,0],"24":[0,0],"25":[0,0],"26":[0,0],"27":[0,0],"28":[0,0],"29":[0,0],"30":[0,0],"31":[0,0],"32":[0,0],"33":[0,0],"34":[0,0],"35":[0,0],"36":[0,0],"37":[0,0],"38":[0,0,0],"39":[0,0],"40":[0,0],"41":[0,0],"42":[0,0],"43":[0,0]},"f":{"1":1,"2":7,"3":0,"4":0,"5":0,"6":0,"7":0,"8":0,"9":0,"10":0,"11":0,"12":0,"13":0,"14":0,"15":0,"16":0},"fnMap":{"1":{"name":"(anonymous_1)","line":5,"loc":{"start":{"line":5,"column":17},"end":{"line":5,"column":31}}},"2":{"name":"(anonymous_2)","line":38,"loc":{"start":{"line":38,"column":27},"end":{"line":38,"column":45}}},"3":{"name":"(anonymous_3)","line":39,"loc":{"start":{"line":39,"column":20},"end":{"line":39,"column":46}}},"4":{"name":"(anonymous_4)","line":57,"loc":{"start":{"line":57,"column":28},"end":{"line":57,"column":64}}},"5":{"name":"(anonymous_5)","line":68,"loc":{"start":{"line":68,"column":23},"end":{"line":68,"column":59}}},"6":{"name":"identify","line":97,"loc":{"start":{"line":97,"column":19},"end":{"line":97,"column":54}}},"7":{"name":"(anonymous_7)","line":127,"loc":{"start":{"line":127,"column":21},"end":{"line":127,"column":57}}},"8":{"name":"identifyPattern","line":156,"loc":{"start":{"line":156,"column":2},"end":{"line":156,"column":44}}},"9":{"name":"(anonymous_9)","line":162,"loc":{"start":{"line":162,"column":21},"end":{"line":162,"column":57}}},"10":{"name":"parse","line":182,"loc":{"start":{"line":182,"column":2},"end":{"line":182,"column":32}}},"11":{"name":"makeArgs","line":268,"loc":{"start":{"line":268,"column":2},"end":{"line":268,"column":32}}},"12":{"name":"Geometry","line":307,"loc":{"start":{"line":307,"column":20},"end":{"line":307,"column":47}}},"13":{"name":"Format","line":324,"loc":{"start":{"line":324,"column":18},"end":{"line":324,"column":43}}},"14":{"name":"Depth","line":328,"loc":{"start":{"line":328,"column":17},"end":{"line":328,"column":41}}},"15":{"name":"Colors","line":332,"loc":{"start":{"line":332,"column":18},"end":{"line":332,"column":43}}},"16":{"name":"Orientation","line":336,"loc":{"start":{"line":336,"column":23},"end":{"line":336,"column":53}}}},"statementMap":{"1":{"start":{"line":5,"column":0},"end":{"line":345,"column":1}},"2":{"start":{"line":7,"column":2},"end":{"line":7,"column":27}},"3":{"start":{"line":13,"column":2},"end":{"line":13,"column":24}},"4":{"start":{"line":14,"column":2},"end":{"line":14,"column":23}},"5":{"start":{"line":24,"column":2},"end":{"line":32,"column":3}},"6":{"start":{"line":38,"column":2},"end":{"line":87,"column":5}},"7":{"start":{"line":39,"column":4},"end":{"line":86,"column":5}},"8":{"start":{"line":40,"column":6},"end":{"line":40,"column":48}},"9":{"start":{"line":40,"column":21},"end":{"line":40,"column":48}},"10":{"start":{"line":41,"column":6},"end":{"line":41,"column":33}},"11":{"start":{"line":41,"column":21},"end":{"line":41,"column":33}},"12":{"start":{"line":43,"column":6},"end":{"line":45,"column":22}},"13":{"start":{"line":47,"column":6},"end":{"line":50,"column":7}},"14":{"start":{"line":48,"column":8},"end":{"line":48,"column":50}},"15":{"start":{"line":49,"column":8},"end":{"line":49,"column":20}},"16":{"start":{"line":52,"column":6},"end":{"line":52,"column":32}},"17":{"start":{"line":54,"column":6},"end":{"line":54,"column":46}},"18":{"start":{"line":56,"column":6},"end":{"line":65,"column":7}},"19":{"start":{"line":57,"column":8},"end":{"line":63,"column":11}},"20":{"start":{"line":58,"column":10},"end":{"line":62,"column":11}},"21":{"start":{"line":59,"column":12},"end":{"line":59,"column":72}},"22":{"start":{"line":61,"column":12},"end":{"line":61,"column":51}},"23":{"start":{"line":64,"column":8},"end":{"line":64,"column":20}},"24":{"start":{"line":67,"column":6},"end":{"line":67,"column":37}},"25":{"start":{"line":68,"column":6},"end":{"line":83,"column":9}},"26":{"start":{"line":69,"column":8},"end":{"line":72,"column":9}},"27":{"start":{"line":70,"column":10},"end":{"line":70,"column":70}},"28":{"start":{"line":71,"column":10},"end":{"line":71,"column":17}},"29":{"start":{"line":74,"column":8},"end":{"line":74,"column":41}},"30":{"start":{"line":76,"column":8},"end":{"line":80,"column":9}},"31":{"start":{"line":77,"column":10},"end":{"line":77,"column":48}},"32":{"start":{"line":79,"column":10},"end":{"line":79,"column":34}},"33":{"start":{"line":82,"column":8},"end":{"line":82,"column":47}},"34":{"start":{"line":85,"column":6},"end":{"line":85,"column":18}},"35":{"start":{"line":97,"column":2},"end":{"line":147,"column":3}},"36":{"start":{"line":99,"column":4},"end":{"line":103,"column":5}},"37":{"start":{"line":100,"column":6},"end":{"line":102,"column":7}},"38":{"start":{"line":104,"column":4},"end":{"line":104,"column":46}},"39":{"start":{"line":104,"column":19},"end":{"line":104,"column":46}},"40":{"start":{"line":105,"column":4},"end":{"line":105,"column":31}},"41":{"start":{"line":105,"column":19},"end":{"line":105,"column":31}},"42":{"start":{"line":106,"column":4},"end":{"line":106,"column":79}},"43":{"start":{"line":106,"column":29},"end":{"line":106,"column":79}},"44":{"start":{"line":108,"column":4},"end":{"line":108,"column":20}},"45":{"start":{"line":110,"column":4},"end":{"line":113,"column":5}},"46":{"start":{"line":111,"column":6},"end":{"line":111,"column":43}},"47":{"start":{"line":112,"column":6},"end":{"line":112,"column":18}},"48":{"start":{"line":115,"column":4},"end":{"line":115,"column":34}},"49":{"start":{"line":117,"column":4},"end":{"line":119,"column":5}},"50":{"start":{"line":118,"column":6},"end":{"line":118,"column":18}},"51":{"start":{"line":121,"column":4},"end":{"line":121,"column":38}},"52":{"start":{"line":123,"column":4},"end":{"line":123,"column":44}},"53":{"start":{"line":125,"column":4},"end":{"line":125,"column":49}},"54":{"start":{"line":127,"column":4},"end":{"line":144,"column":7}},"55":{"start":{"line":128,"column":6},"end":{"line":131,"column":7}},"56":{"start":{"line":129,"column":8},"end":{"line":129,"column":67}},"57":{"start":{"line":130,"column":8},"end":{"line":130,"column":15}},"58":{"start":{"line":133,"column":6},"end":{"line":133,"column":32}},"59":{"start":{"line":135,"column":6},"end":{"line":138,"column":7}},"60":{"start":{"line":136,"column":8},"end":{"line":136,"column":67}},"61":{"start":{"line":137,"column":8},"end":{"line":137,"column":15}},"62":{"start":{"line":140,"column":6},"end":{"line":140,"column":35}},"63":{"start":{"line":142,"column":6},"end":{"line":142,"column":45}},"64":{"start":{"line":143,"column":6},"end":{"line":143,"column":39}},"65":{"start":{"line":146,"column":4},"end":{"line":146,"column":16}},"66":{"start":{"line":156,"column":2},"end":{"line":171,"column":3}},"67":{"start":{"line":157,"column":4},"end":{"line":157,"column":20}},"68":{"start":{"line":159,"column":4},"end":{"line":159,"column":44}},"69":{"start":{"line":161,"column":4},"end":{"line":161,"column":36}},"70":{"start":{"line":162,"column":4},"end":{"line":168,"column":7}},"71":{"start":{"line":163,"column":6},"end":{"line":165,"column":7}},"72":{"start":{"line":164,"column":8},"end":{"line":164,"column":72}},"73":{"start":{"line":167,"column":6},"end":{"line":167,"column":52}},"74":{"start":{"line":170,"column":4},"end":{"line":170,"column":16}},"75":{"start":{"line":182,"column":2},"end":{"line":258,"column":3}},"76":{"start":{"line":184,"column":4},"end":{"line":184,"column":74}},"77":{"start":{"line":187,"column":4},"end":{"line":187,"column":18}},"78":{"start":{"line":189,"column":4},"end":{"line":257,"column":5}},"79":{"start":{"line":190,"column":6},"end":{"line":198,"column":11}},"80":{"start":{"line":200,"column":6},"end":{"line":252,"column":7}},"81":{"start":{"line":201,"column":8},"end":{"line":201,"column":57}},"82":{"start":{"line":202,"column":8},"end":{"line":202,"column":27}},"83":{"start":{"line":202,"column":18},"end":{"line":202,"column":27}},"84":{"start":{"line":204,"column":8},"end":{"line":205,"column":46}},"85":{"start":{"line":207,"column":8},"end":{"line":207,"column":57}},"86":{"start":{"line":207,"column":48},"end":{"line":207,"column":57}},"87":{"start":{"line":209,"column":8},"end":{"line":209,"column":48}},"88":{"start":{"line":212,"column":8},"end":{"line":226,"column":9}},"89":{"start":{"line":213,"column":10},"end":{"line":213,"column":25}},"90":{"start":{"line":214,"column":10},"end":{"line":214,"column":55}},"91":{"start":{"line":215,"column":15},"end":{"line":226,"column":9}},"92":{"start":{"line":217,"column":10},"end":{"line":219,"column":11}},"93":{"start":{"line":218,"column":12},"end":{"line":218,"column":21}},"94":{"start":{"line":220,"column":10},"end":{"line":220,"column":33}},"95":{"start":{"line":221,"column":15},"end":{"line":226,"column":9}},"96":{"start":{"line":223,"column":10},"end":{"line":223,"column":32}},"97":{"start":{"line":225,"column":10},"end":{"line":225,"column":30}},"98":{"start":{"line":228,"column":8},"end":{"line":228,"column":23}},"99":{"start":{"line":230,"column":8},"end":{"line":249,"column":9}},"100":{"start":{"line":233,"column":10},"end":{"line":244,"column":11}},"101":{"start":{"line":235,"column":12},"end":{"line":238,"column":13}},"102":{"start":{"line":236,"column":14},"end":{"line":236,"column":31}},"103":{"start":{"line":237,"column":14},"end":{"line":237,"column":29}},"104":{"start":{"line":241,"column":12},"end":{"line":241,"column":29}},"105":{"start":{"line":243,"column":12},"end":{"line":243,"column":25}},"106":{"start":{"line":246,"column":10},"end":{"line":248,"column":11}},"107":{"start":{"line":247,"column":12},"end":{"line":247,"column":32}},"108":{"start":{"line":251,"column":8},"end":{"line":251,"column":22}},"109":{"start":{"line":255,"column":6},"end":{"line":255,"column":72}},"110":{"start":{"line":256,"column":6},"end":{"line":256,"column":17}},"111":{"start":{"line":268,"column":2},"end":{"line":284,"column":3}},"112":{"start":{"line":269,"column":4},"end":{"line":272,"column":6}},"113":{"start":{"line":274,"column":4},"end":{"line":276,"column":5}},"114":{"start":{"line":275,"column":6},"end":{"line":275,"column":39}},"115":{"start":{"line":278,"column":4},"end":{"line":280,"column":5}},"116":{"start":{"line":279,"column":6},"end":{"line":279,"column":28}},"117":{"start":{"line":282,"column":4},"end":{"line":282,"column":35}},"118":{"start":{"line":283,"column":4},"end":{"line":283,"column":16}},"119":{"start":{"line":290,"column":2},"end":{"line":299,"column":3}},"120":{"start":{"line":305,"column":2},"end":{"line":305,"column":39}},"121":{"start":{"line":307,"column":2},"end":{"line":322,"column":4}},"122":{"start":{"line":310,"column":4},"end":{"line":310,"column":50}},"123":{"start":{"line":311,"column":4},"end":{"line":311,"column":39}},"124":{"start":{"line":312,"column":4},"end":{"line":312,"column":40}},"125":{"start":{"line":313,"column":4},"end":{"line":321,"column":5}},"126":{"start":{"line":314,"column":6},"end":{"line":314,"column":53}},"127":{"start":{"line":314,"column":32},"end":{"line":314,"column":53}},"128":{"start":{"line":315,"column":6},"end":{"line":315,"column":57}},"129":{"start":{"line":315,"column":34},"end":{"line":315,"column":57}},"130":{"start":{"line":317,"column":6},"end":{"line":320,"column":7}},"131":{"start":{"line":324,"column":2},"end":{"line":326,"column":4}},"132":{"start":{"line":325,"column":4},"end":{"line":325,"column":33}},"133":{"start":{"line":328,"column":2},"end":{"line":330,"column":4}},"134":{"start":{"line":329,"column":4},"end":{"line":329,"column":32}},"135":{"start":{"line":332,"column":2},"end":{"line":334,"column":4}},"136":{"start":{"line":333,"column":4},"end":{"line":333,"column":32}},"137":{"start":{"line":336,"column":2},"end":{"line":344,"column":4}},"138":{"start":{"line":337,"column":4},"end":{"line":343,"column":5}},"139":{"start":{"line":338,"column":6},"end":{"line":338,"column":52}},"140":{"start":{"line":339,"column":6},"end":{"line":339,"column":42}},"141":{"start":{"line":340,"column":6},"end":{"line":340,"column":40}},"142":{"start":{"line":342,"column":6},"end":{"line":342,"column":39}}},"branchMap":{"1":{"line":40,"type":"if","locations":[{"start":{"line":40,"column":6},"end":{"line":40,"column":6}},{"start":{"line":40,"column":6},"end":{"line":40,"column":6}}]},"2":{"line":41,"type":"if","locations":[{"start":{"line":41,"column":6},"end":{"line":41,"column":6}},{"start":{"line":41,"column":6},"end":{"line":41,"column":6}}]},"3":{"line":47,"type":"if","locations":[{"start":{"line":47,"column":6},"end":{"line":47,"column":6}},{"start":{"line":47,"column":6},"end":{"line":47,"column":6}}]},"4":{"line":56,"type":"if","locations":[{"start":{"line":56,"column":6},"end":{"line":56,"column":6}},{"start":{"line":56,"column":6},"end":{"line":56,"column":6}}]},"5":{"line":58,"type":"if","locations":[{"start":{"line":58,"column":10},"end":{"line":58,"column":10}},{"start":{"line":58,"column":10},"end":{"line":58,"column":10}}]},"6":{"line":69,"type":"if","locations":[{"start":{"line":69,"column":8},"end":{"line":69,"column":8}},{"start":{"line":69,"column":8},"end":{"line":69,"column":8}}]},"7":{"line":74,"type":"binary-expr","locations":[{"start":{"line":74,"column":22},"end":{"line":74,"column":28}},{"start":{"line":74,"column":30},"end":{"line":74,"column":32}}]},"8":{"line":76,"type":"if","locations":[{"start":{"line":76,"column":8},"end":{"line":76,"column":8}},{"start":{"line":76,"column":8},"end":{"line":76,"column":8}}]},"9":{"line":99,"type":"if","locations":[{"start":{"line":99,"column":4},"end":{"line":99,"column":4}},{"start":{"line":99,"column":4},"end":{"line":99,"column":4}}]},"10":{"line":104,"type":"if","locations":[{"start":{"line":104,"column":4},"end":{"line":104,"column":4}},{"start":{"line":104,"column":4},"end":{"line":104,"column":4}}]},"11":{"line":105,"type":"if","locations":[{"start":{"line":105,"column":4},"end":{"line":105,"column":4}},{"start":{"line":105,"column":4},"end":{"line":105,"column":4}}]},"12":{"line":106,"type":"if","locations":[{"start":{"line":106,"column":4},"end":{"line":106,"column":4}},{"start":{"line":106,"column":4},"end":{"line":106,"column":4}}]},"13":{"line":106,"type":"binary-expr","locations":[{"start":{"line":106,"column":8},"end":{"line":106,"column":12}},{"start":{"line":106,"column":16},"end":{"line":106,"column":27}}]},"14":{"line":110,"type":"if","locations":[{"start":{"line":110,"column":4},"end":{"line":110,"column":4}},{"start":{"line":110,"column":4},"end":{"line":110,"column":4}}]},"15":{"line":117,"type":"if","locations":[{"start":{"line":117,"column":4},"end":{"line":117,"column":4}},{"start":{"line":117,"column":4},"end":{"line":117,"column":4}}]},"16":{"line":128,"type":"if","locations":[{"start":{"line":128,"column":6},"end":{"line":128,"column":6}},{"start":{"line":128,"column":6},"end":{"line":128,"column":6}}]},"17":{"line":135,"type":"if","locations":[{"start":{"line":135,"column":6},"end":{"line":135,"column":6}},{"start":{"line":135,"column":6},"end":{"line":135,"column":6}}]},"18":{"line":163,"type":"if","locations":[{"start":{"line":163,"column":6},"end":{"line":163,"column":6}},{"start":{"line":163,"column":6},"end":{"line":163,"column":6}}]},"19":{"line":167,"type":"binary-expr","locations":[{"start":{"line":167,"column":32},"end":{"line":167,"column":38}},{"start":{"line":167,"column":40},"end":{"line":167,"column":42}}]},"20":{"line":184,"type":"binary-expr","locations":[{"start":{"line":184,"column":17},"end":{"line":184,"column":23}},{"start":{"line":184,"column":25},"end":{"line":184,"column":27}}]},"21":{"line":201,"type":"binary-expr","locations":[{"start":{"line":201,"column":14},"end":{"line":201,"column":33}},{"start":{"line":201,"column":37},"end":{"line":201,"column":56}}]},"22":{"line":202,"type":"if","locations":[{"start":{"line":202,"column":8},"end":{"line":202,"column":8}},{"start":{"line":202,"column":8},"end":{"line":202,"column":8}}]},"23":{"line":205,"type":"cond-expr","locations":[{"start":{"line":205,"column":27},"end":{"line":205,"column":40}},{"start":{"line":205,"column":43},"end":{"line":205,"column":45}}]},"24":{"line":207,"type":"if","locations":[{"start":{"line":207,"column":8},"end":{"line":207,"column":8}},{"start":{"line":207,"column":8},"end":{"line":207,"column":8}}]},"25":{"line":207,"type":"binary-expr","locations":[{"start":{"line":207,"column":12},"end":{"line":207,"column":26}},{"start":{"line":207,"column":30},"end":{"line":207,"column":46}}]},"26":{"line":209,"type":"cond-expr","locations":[{"start":{"line":209,"column":27},"end":{"line":209,"column":40}},{"start":{"line":209,"column":43},"end":{"line":209,"column":47}}]},"27":{"line":212,"type":"if","locations":[{"start":{"line":212,"column":8},"end":{"line":212,"column":8}},{"start":{"line":212,"column":8},"end":{"line":212,"column":8}}]},"28":{"line":215,"type":"if","locations":[{"start":{"line":215,"column":15},"end":{"line":215,"column":15}},{"start":{"line":215,"column":15},"end":{"line":215,"column":15}}]},"29":{"line":217,"type":"if","locations":[{"start":{"line":217,"column":10},"end":{"line":217,"column":10}},{"start":{"line":217,"column":10},"end":{"line":217,"column":10}}]},"30":{"line":221,"type":"if","locations":[{"start":{"line":221,"column":15},"end":{"line":221,"column":15}},{"start":{"line":221,"column":15},"end":{"line":221,"column":15}}]},"31":{"line":230,"type":"if","locations":[{"start":{"line":230,"column":8},"end":{"line":230,"column":8}},{"start":{"line":230,"column":8},"end":{"line":230,"column":8}}]},"32":{"line":233,"type":"if","locations":[{"start":{"line":233,"column":10},"end":{"line":233,"column":10}},{"start":{"line":233,"column":10},"end":{"line":233,"column":10}}]},"33":{"line":235,"type":"if",
[...]
;","","  /**","   * Determine the type of source image.","   *","   * @param {String} type","   * @return {Boolean}","   * @example","   *   if (this.inputIs('png')) ...","   */","","  proto.inputIs = function inputIs (type) {","    if (!type) return false;","","    var rgx = types[type];","    if (!rgx) {","      if ('.' !== type[0]) type = '.' + type;","      rgx = new RegExp('\\\\' + type + '$', 'i');","    }","","    return rgx.test(this.source);","  }","","  /**","   * add disposer (like 'close' of http.IncomingMessage) in order to dispose gm() with any event","   *","   * @param {EventEmitter} emitter","   * @param {Array} events","   * @return {Object} gm","   * @example","   *   command.addDisposer(req, ['close', 'end', 'finish']);","   */","","  proto.addDisposer = function addDisposer (emitter, events) {","    if (!this._options.disposers) {","      this._options.disposers = [];","    }","    this._options.disposers.push({","      emitter: emitter,","      events: events","    });","    return this;","  };","}",""],"l":{"6":1,"7":1,"8":1,"9":1,"10":1,"16":1,"22":1,"24":1,"25":3,"26":0,"27":0,"28":0,"30":0,"31":0,"34":0,"35":0,"39":1,"40":0,"41":0,"43":0,"44":0,"47":0,"48":0,"49":0,"50":0,"52":0,"53":0,"54":0,"55":0,"57":0,"58":0,"60":0,"64":0,"65":0,"66":0,"67":0,"71":1,"72":1,"74":1,"75":1,"85":1,"86":0,"88":0,"89":0,"92":0,"93":0,"96":0,"98":0,"99":0,"100":0,"101":0,"116":1,"117":0,"118":0,"119":0,"122":0,"124":0,"125":0,"126":0,"127":0,"128":0,"132":0,"133":0,"134":0,"137":0,"138":0,"139":0,"140":0,"143":0,"155":1,"156":0,"158":0,"159":0,"162":0,"163":0,"165":0,"176":1,"177":0,"189":1,"190":0,"204":1,"205":0,"206":0,"210":0,"217":0,"219":0,"220":0,"221":0,"223":0,"224":0,"226":0,"228":0,"230":0,"231":0,"232":0,"234":0,"238":0,"239":0,"240":0,"244":0,"245":0,"246":0,"247":0,"252":0,"253":0,"254":0,"255":0,"257":0,"258":0,"259":0,"262":0,"266":0,"267":0,"268":0,"273":0,"275":0,"276":0,"277":0,"284":0,"285":0,"291":0,"292":0,"295":0,"296":0,"299":0,"300":0,"301":0,"302":0,"303":0,"305":0,"306":0,"309":0,"312":0,"314":1,"315":0,"316":0,"317":0,"318":0,"319":0,"320":0,"322":0,"325":1,"326":0,"327":0,"328":0,"329":0,"330":0,"331":0,"342":1,"343":0,"344":0,"346":0,"366":1,"367":0,"368":0,"369":0,"370":0,"371":0,"380":1,"381":0,"382":0,"383":0,"385":0,"392":1,"401":1,"402":1,"403":1,"414":1,"415":0,"417":0,"418":0,"419":0,"420":0,"423":0,"436":1,"437":0,"438":0,"440":0,"444":0}},"/home/travis/build/npmtest/node-npmtest-gm/gm/lib/compare.js":{"path":"/home/travis/build/npmtest/node-npmtest-gm/gm/lib/compare.js","s":{"1":1,"2":1,"3":1,"4":0,"5":0,"6":0,"7":0,"8":0,"9":0,"10":0,"11":0,"12":0,"13":0,"14":0,"15":0,"16":0,"17":0,"18":0,"19":0,"20":0,"21":0,"22":0,"23":0,"24":0,"25":0,"26":0,"27":0,"28":0,"29":0,"30":0,"31":0,"32":0,"33":0,"34":0,"35":0,"36":0,"37":0,"38":0,"39":0,"40":0,"41":0,"42":0,"43":0,"44":0,"45":0,"46":0,"47":0,"48":0,"49":0,"50":0,"51":0,"52":0,"53":0,"54":0,"55":0,"56":0,"57":0,"58":0,"59":2,"60":1,"61":2},"b":{"1":[0,0],"2":[0,0,0],"3":[0,0],"4":[0,0],"5":[0,0],"6":[0,0],"7":[0,0],"8":[0,0],"9":[0,0],"10":[0,0],"11":[0,0],"12":[0,0],"13":[0,0],"14":[0,0],"15":[0,0],"16":[0,0],"17":[0,0],"18":[0,0],"19":[0,0],"20":[0,0],"21":[0,0],"22":[0,0],"23":[1,1]},"f":{"1":2,"2":0,"3":0,"4":0,"5":0},"fnMap":{"1":{"name":"(anonymous_1)","line":20,"loc":{"start":{"line":20,"column":27},"end":{"line":20,"column":44}}},"2":{"name":"compare","line":21,"loc":{"start":{"line":21,"column":2},"end":{"line":21,"column":49}}},"3":{"name":"(anonymous_3)","line":82,"loc":{"start":{"line":82,"column":26},"end":{"line":82,"column":41}}},"4":{"name":"(anonymous_4)","line":83,"loc":{"start":{"line":83,"column":26},"end":{"line":83,"column":41}}},"5":{"name":"(anonymous_5)","line":84,"loc":{"start":{"line":84,"column":21},"end":{"line":84,"column":37}}}},"statementMap":{"1":{"start":{"line":3,"column":0},"end":{"line":3,"column":35}},"2":{"start":{"line":20,"column":0},"end":{"line":119,"column":2}},"3":{"start":{"line":21,"column":2},"end":{"line":113,"column":3}},"4":{"start":{"line":23,"column":4},"end":{"line":23,"column":67}},"5":{"start":{"line":24,"column":4},"end":{"line":24,"column":63}},"6":{"start":{"line":25,"column":4},"end":{"line":27,"column":22}},"7":{"start":{"line":28,"column":4},"end":{"line":28,"column":50}},"8":{"start":{"line":29,"column":4},"end":{"line":31,"column":5}},"9":{"start":{"line":30,"column":8},"end":{"line":30,"column":32}},"10":{"start":{"line":32,"column":4},"end":{"line":32,"column":24}},"11":{"start":{"line":34,"column":4},"end":{"line":77,"column":5}},"12":{"start":{"line":36,"column":6},"end":{"line":38,"column":7}},"13":{"start":{"line":37,"column":8},"end":{"line":37,"column":68}},"14":{"start":{"line":40,"column":6},"end":{"line":58,"column":7}},"15":{"start":{"line":41,"column":8},"end":{"line":43,"column":9}},"16":{"start":{"line":42,"column":10},"end":{"line":42,"column":73}},"17":{"start":{"line":45,"column":8},"end":{"line":48,"column":9}},"18":{"start":{"line":46,"column":12},"end":{"line":46,"column":42}},"19":{"start":{"line":47,"column":12},"end":{"line":47,"column":46}},"20":{"start":{"line":49,"column":8},"end":{"line":52,"column":9}},"21":{"start":{"line":50,"column":12},"end":{"line":50,"column":41}},"22":{"start":{"line":51,"column":12},"end":{"line":51,"column":45}},"23":{"start":{"line":54,"column":8},"end":{"line":56,"column":9}},"24":{"start":{"line":55,"column":12},"end":{"line":55,"column":31}},"25":{"start":{"line":57,"column":8},"end":{"line":57,"column":32}},"26":{"start":{"line":60,"column":6},"end":{"line":65,"column":7}},"27":{"start":{"line":61,"column":8},"end":{"line":63,"column":9}},"28":{"start":{"line":62,"column":10},"end":{"line":62,"column":72}},"29":{"start":{"line":64,"column":8},"end":{"line":64,"column":38}},"30":{"start":{"line":68,"column":6},"end":{"line":70,"column":7}},"31":{"start":{"line":69,"column":8},"end":{"line":69,"column":27}},"32":{"start":{"line":72,"column":6},"end":{"line":76,"column":7}},"33":{"start":{"line":73,"column":8},"end":{"line":73,"column":21}},"34":{"start":{"line":75,"column":8},"end":{"line":75,"column":27}},"35":{"start":{"line":79,"column":4},"end":{"line":79,"column":32}},"36":{"start":{"line":80,"column":4},"end":{"line":80,"column":20}},"37":{"start":{"line":81,"column":4},"end":{"line":81,"column":20}},"38":{"start":{"line":82,"column":4},"end":{"line":82,"column":59}},"39":{"start":{"line":82,"column":43},"end":{"line":82,"column":56}},"40":{"start":{"line":83,"column":4},"end":{"line":83,"column":59}},"41":{"start":{"line":83,"column":43},"end":{"line":83,"column":56}},"42":{"start":{"line":84,"column":4},"end":{"line":112,"column":7}},"43":{"start":{"line":86,"column":6},"end":{"line":100,"column":7}},"44":{"start":{"line":87,"column":8},"end":{"line":95,"column":9}},"45":{"start":{"line":88,"column":10},"end":{"line":88,"column":53}},"46":{"start":{"line":90,"column":13},"end":{"line":95,"column":9}},"47":{"start":{"line":91,"column":10},"end":{"line":91,"column":21}},"48":{"start":{"line":92,"column":10},"end":{"line":92,"column":26}},"49":{"start":{"line":94,"column":8},"end":{"line":94,"column":26}},"50":{"start":{"line":97,"column":8},"end":{"line":99,"column":9}},"51":{"start":{"line":98,"column":10},"end":{"line":98,"column":28}},"52":{"start":{"line":103,"column":6},"end":{"line":103,"column":84}},"53":{"start":{"line":104,"column":6},"end":{"line":104,"column":37}},"54":{"start":{"line":105,"column":6},"end":{"line":108,"column":7}},"55":{"start":{"line":106,"column":8},"end":{"line":106,"column":66}},"56":{"start":{"line":107,"column":8},"end":{"line":107,"column":23}},"57":{"start":{"line":110,"column":6},"end":{"line":110,"column":42}},"58":{"start":{"line":111,"column":6},"end":{"line":111,"column":73}},"59":{"start":{"line":115,"column":2},"end":{"line":117,"column":3}},"60":{"start":{"line":116,"column":4},"end":{"line":116,"column":28}},"61":{"start":{"line":118,"column":2},"end":{"line":118,"column":17}}},"branchMap":{"1":{"line":23,"type":"binary-expr","locations":[{"start":{"line":23,"column":24},"end":{"line":23,"column":37}},{"start":{"line":23,"column":41},"end":{"line":23,"column":66}}]},"2":{"line":24,"type":"binary-expr","locations":[{"start":{"line":24,"column":18},"end":{"line":24,"column":31}},{"start":{"line":24,"column":35},"end":{"line":24,"column":56}},{"start":{"line":24,"column":60},"end":{"line":24,"column":62}}]},"3":{"line":25,"type":"cond-expr","locations":[{"start":{"line":26,"column":8},"end":{"line":26,"column":27}},{"start":{"line":27,"column":8},"end":{"line":27,"column":22}}]},"4":{"line":29,"type":"if","locations":[{"start":{"line":29,"column":4},"end":{"line":29,"column":4}},{"start":{"line":29,"column":4},"end":{"line":29,"column":4}}]},"5":{"line":34,"type":"if","locations":[{"start":{"line":34,"column":4},"end":{"line":34,"column":4}},{"start":{"line":34,"column":4},"end":{"line":34,"column":4}}]},"6":{"line":36,"type":"if","locations":[{"start":{"line":36,"column":6},"end":{"line":36,"column":6}},{"start":{"line":36,"column":6},"end":{"line":36,"column":6}}]},"7":{"line":36,"type":"binary-expr","locations":[{"start":{"line":36,"column":10},"end":{"line":36,"column":32}},{"start":{"line":36,"column":36},"end":{"line":36,"column":75}}]},"8":{"line":40,"type":"if","locations":[{"start":{"line":40,"column":6},"end":{"line":40,"column":6}},{"start":{"line":40,"column":6},"end":{"line":40,"column":6}}]},"9":{"line":41,"type":"if","locations":[{"start":{"line":41,"column":8},"end":{"line":41,"column":8}},{"start":{"line":41,"column":8},"end":{"line":41,"column":8}}]},"10":{"line":45,"type":"if","locations":[{"start":{"line":45,"column":8},"end":{"line":45,"column":8}},{"start":{"line":45,"column":8},"end":{"line":45,"column":8}}]},"11":{"line":49,"type":"if","locations":[{"start":{"line":49,"column":8},"end":{"line":49,"column":8}},{"start":{"line":49,"column":8},"end":{"line":49,"column":8}}]},"12":{"line":54,"type":"if","locations":[{"start":{"line":54,"column":8},"end":{"line":54,"column":8}},{"start":{"line":54,"column":8},"end":{"line":54,"column":8}}]},"13":{"line":60,"type":"if","locations":[{"start":{"line":60,"column":6},"end":{"line":60,"column":6}},{"start":{"line":60,"column":6},"end":{"line":60,"column":6}}]},"14":{"line":61,"type":"if","locations":[{"start":{"line":61,"column":8},"end":{"line":61,"column":8}},{"start":{"line":61,"column":8},"end":{"line":61,"column":8}}]},"15":{"line":68,"type":"if","locations":[{"start":{"line":68,"column":6},"end":{"line":68,"column":6}},{"start":{"line":68,"column":6},"end":{"line":68,"column":6}}]},"16":{"line":72,"type":"if","locations":[{"start":{"line":72,"column":6},"end":{"line":72,"column":6}},{"start":{"line":72,"column":6},"end":{"line":72,"column":6}}]},"17":{"line":86,"type":"if","locations":[{"start":{"line":86,"column":6},"end":{"line":86,"column":6}},{"start":{"line":86,"column":6},"end":{"line":86,"column":6}}]},"18":{"line":87,"type":"if","locations":[{"start":{"line":87,"column":8},"end":{"line":87,"column":8}},{"start":{"line":87,"column":8},"end":{"line":87,"column":8}}]},"19":{"line":90,"type":"if","locations":[{"start":{"line":90,"column":13},"end":{"line":90,"column":13}},{"start":{"line":90,"column":13},"end":{"line":90,"column":13}}]},"20":{"line":97,"type":"if","locations":[{"start":{"line":97,"column":8},"end":{"line":97,"column":8}},{"start":{"line":97,"column":8},"end":{"line":97,"column":8}}]},"21":{"line":103,"type":"cond-expr","locations":[{"start":{"line":103,"column":34},"end":{"line":103,"column":59}},{"start":{"line":103,"column":62},"end":{"line":103,"column":83}}]},"22":{"line":105,"type":"if","locations":[{"start":{"line":105,"column":6},"end":{"line":105,"column":6}},{"start":{"line":105,"column":6},"end":{"line":105,"column":6}}]},"23":{"line":115,"type":"if","locations":[{"start":{"line":115,"column":2},"end":{"line":115,"column":2}},{"start":{"line":115,"column":2},"end":{"line":115,"column":2}}]}},"code":["// compare","","var spawn = require('cross-spawn');","","/**"," * Compare two images uses graphicsmagicks `compare` command."," *"," * gm.compare(img1, img2, 0.4, function (err, equal, equality) {"," *   if (err) return handle(err);"," *   console.log('The images are equal: %s', equal);"," *   console.log('There equality was %d', equality);"," * });"," *"," * @param {String} orig Path to an image."," * @param {String} compareTo Path to another image to compare to `orig`."," * @param {Number|Object} [options] Options object or the amount of difference to tolerate before failing - defaults to 0.4"," * @param {Function} cb(err, Boolean, equality, rawOutput)"," */","","module.exports = exports = function (proto) {","  function compare(orig, compareTo, options, cb) {","","    var isImageMagick = this._options && this._options.imageMagick;","    var appPath = this._options && this._options.appPath || '';","    var bin = isImageMagick","      ? appPath + 'compare' ","      : appPath + 'gm'","    var args = ['-metric', 'mse', orig, compareTo]","    if (!isImageMagick) {","        args.unshift('compare');","    }","    var tolerance = 0.4;","    // outputting the diff image","    if (typeof options === 'object') {","","      if (options.highlightColor && options.highlightColor.indexOf('\"') < 0) {","        options.highlightColor = '\"' + options.highlightColor + '\"';","      }","","      if (options.file) {","        if (typeof options.file !== 'string') {","          throw new TypeError('The path for the diff output is invalid');","        }","         // graphicsmagick defaults to red","        if (options.highlightColor) {","            args.push('-highlight-color');","            args.push(options.highlightColor);","        }","        if (options.highlightStyle) {","            args.push('-highlight-style')","            args.push(options.highlightStyle)","        }","        // For IM, filename is the last argument. For GM it's `-file <filename>`","        if (!isImageMagick) {","            args.push('-file');","        }","        args.push(options.file);","      }","      ","      if (typeof options.tolerance != 'undefined') {","        if (typeof options.tolerance !== 'number') {","          throw new TypeError('The tolerance value should be a number');","        }","        tolerance = options.tolerance;","      } ","    } else {","      // For ImageMagick diff file is required but we don't care about it, so null it out","      if (isImageMagick) {","        args.push('null:');","      }","","      if (typeof options == 'function') {","        cb = options; // tolerance value not provided, flip the cb place","      } else {","        tolerance = options","      }","    }","","    var proc = spawn(bin, args);","    var stdout = '';","    var stderr = '';","    proc.stdout.on('data',function(data) { stdout+=data });","    proc.stderr.on('data',function(data) { stderr+=data });","    proc.on('close', function (code) {","      // ImageMagick returns err code 2 if err, 0 if similar, 1 if dissimilar","      if (isImageMagick) {","        if (code === 0) {","          return cb(null, 0 <= tolerance, 0, stdout);","        }","        else if (code === 1) {","          err = null;","          stdout = stderr;","        } else {","        return cb(stderr);","        }","      } else {","        if(code !== 0) {","          return cb(stderr);","        }","      }","      // Since ImageMagick similar gives err code 0 and no stdout, there's really no matching","      // Otherwise, output format for IM is `12.00 (0.123)` and for GM it's `Total: 0.123`","      var regex = isImageMagick ? /\\((\\d+\\.?[\\d\\-\\+e]*)\\)/m : /Total: (\\d+\\.?\\d*)/m;","      var match = regex.exec(stdout);","      if (!match) {","        err = new Error('Unable to parse output.\\nGot ' + stdout);","        return cb(err);","      }","","      var equality = parseFloat(match[1]);","      cb(null, equality <= tolerance, equality, stdout, orig, compareTo);","    });","  }","","  if (proto) {","    proto.compare = compare;","  }","  return compare;","};","",""],"l":{"3":1,"20":1,"21":1,"23":0,"24":0,"25":0,"28":0,"29":0,"30":0,"32":0,"34":0,"36":0,"37":0,"40":0,"41":0,"42":0,"45":0,"46":0,"47":0,"49":0,"50":0,"51":0,"54":0,"55":0,"57":0,"60":0,"61":0,"62":0,"64":0,"68":0,"69":0,"72":0,"73":0,"75":0,"79":0,"80":0,"81":0,"82":0,"83":0,"84":0,"86":0,"87":0,"88":0,"90":0,"91":0,"92":0,"94":0,"97":0,"98":0,"103":0,"104":0,"105":0,"106":0,"107":0,"110":0,"111":0,"115":2,"116":1,"118":2}},"/home/travis/build/npmtest/node-npmtest-gm/gm/lib/composite.js":{"path":"/home/travis/build/npmtest/node-npmtest-gm/gm/lib/composite.js","s":{"1":1,"2":1,"3":0,"4":0,"5":0,"6":0,"7":0},"b":{"1":[0,0]},"f":{"1":1,"2":0},"fnMap":{"1":{"name":"(anonymous_1)","line":17,"loc":{"start":{"line":17,"column":27},"end":{"line":17,"column":43}}},"2":{"name":"(anonymous_2)","line":18,"loc":{"start":{"line":18,"column":22},"end":{"line":18,"column":44}}}},"statementMap":{"1":{"start":{"line":17,"column":0},"end":{"line":29,"column":1}},"2":{"start":{"line":18,"column":4},"end":{"line":28,"column":5}},"3":{"start":{"line":19,"column":8},"end":{"line":19,"column":23}},"4":{"start":{"line":22,"column":8},"end":{"line":23,"column":27}},"5":{"start":{"line":23,"column":12},"end":{"line":23,"column":27}},"6":{"start":{"line":25,"column":8},"end":{"line":25,"column":37}},"7":{"start":{"line":27,"column":8},"end":{"line":27,"column":20}}},"branchMap":{"1":{"line":22,"type":"if","locations":[{"start":{"line":22,"column":8},"end":{"line":22,"column":8}},{"start":{"line":22,"column":8},"end":{"line":22,"column":8}}]}},"code":["// composite","","/**"," * Composite images together using the `composite` command in graphicsmagick."," *"," * gm('/path/to/image.jpg')"," * .composite('/path/to/second_image.jpg')"," * .geometry('+100+150')"," * .write('/path/to/composite.png', function(err) {"," *   if(!err) console.log(\"Written composite image.\");"," * });"," *"," * @param {String} other  Path to the image that contains the changes."," * @param {String} [mask] Path to the image with opacity informtion. Grayscale."," */","","module.exports = exports = function(proto) {","    proto.composite = function(other, mask) {","        this.in(other);","","        // If the mask is defined, add it to the output.","        if(typeof mask !== \"undefined\")","            this.out(mask);","","        this.subCommand(\"composite\");","","        return this;","    }","}",""],"l":{"17":1,"18":1,"19":0,"22":0,"23":0,"25":0,"27":0}},"/home/travis/build/npmtest/node-npmtest-gm/gm/lib/montage.js":{"path":"/home/travis/build/npmtest/node-npmtest-gm/gm/lib/montage.js","s":{"1":1,"2":1,"3":0,"4":0,"5":0},"b":{},"f":{"1":1,"2":0},"fnMap":{"1":{"name":"(anonymous_1)","line":16,"loc":{"start":{"line":16,"column":27},"end":{"line":16,"column":43}}},"2":{"name":"(anonymous_2)","line":17,"loc":{"start":{"line":17,"column":20},"end":{"line":17,"column":36}}}},"statementMap":{"1":{"start":{"line":16,"column":0},"end":{"line":24,"column":1}},"2":{"start":{"line":17,"column":4},"end":{"line":23,"column":5}},"3":{"start":{"line":18,"column":8},"end":{"line":18,"column":23}},"4":{"start":{"line":20,"column":8},"end":{"line":20,"column":35}},"5":{"start":{"line":22,"column":8},"end":{"line":22,"column":20}}},"branchMap":{},"code":["// montage","","/**"," * Montage images next to each other using the `montage` command in graphicsmagick."," *"," * gm('/path/to/image.jpg')"," * .montage('/path/to/second_image.jpg')"," * .geometry('+100+150')"," * .write('/path/to/montage.png', function(err) {"," *   if(!err) console.log(\"Written montage image.\");"," * });"," *"," * @param {String} other  Path to the image that contains the changes."," */","","module.exports = exports = function(proto) {","    proto.montage = function(other) {","        this.in(other);","","        this.subCommand(\"montage\");","","        return this;","    }","}",""],"l":{"16":1,"17":1,"18":0,"20":0,"22":0}}}